#
# A fatal error has been detected by the Java Runtime Environment:
#
#  EXCEPTION_ACCESS_VIOLATION (0xc0000005) at pc=0x00007ffdaebfc4a9, pid=7908, tid=8712
#
# JRE version: Java(TM) SE Runtime Environment (13.0.1+9) (build 13.0.1+9)
# Java VM: Java HotSpot(TM) 64-Bit Server VM (13.0.1+9, mixed mode, sharing, tiered, compressed oops, g1 gc, windows-amd64)
# Problematic frame:
# C  [lwjgl_opengl.dll+0xc4a9]
#
# No core dump will be written. Minidumps are not enabled by default on client versions of Windows
#
# If you would like to submit a bug report, please visit:
#   http://bugreport.java.com/bugreport/crash.jsp
# The crash happened outside the Java Virtual Machine in native code.
# See problematic frame for where to report the bug.
#

---------------  S U M M A R Y ------------

Command Line: -Dfile.encoding=UTF-8 --module-path=C:\Users\kabra\Documents\NetBeansProjects\JavaApplication1\build\classes perfektron.Main

Host: Intel(R) Core(TM) i7-9750H CPU @ 2.60GHz, 12 cores, 15G,  Windows 10 , 64 bit Build 22621 (10.0.22621.3235)
Time: Fri May 17 21:26:43 2024 W. Europe Daylight Time elapsed time: 2 seconds (0d 0h 0m 2s)

---------------  T H R E A D  ---------------

Current thread (0x00000284fa751800):  JavaThread "AWT-EventQueue-0" [_thread_in_native, id=8712, stack(0x000000cd76500000,0x000000cd76600000)]

Stack: [0x000000cd76500000,0x000000cd76600000],  sp=0x000000cd765fd9d8,  free space=1014k
Native frames: (J=compiled Java code, j=interpreted, Vv=VM code, C=native code)
C  [lwjgl_opengl.dll+0xc4a9]

Java frames: (J=compiled Java code, j=interpreted, Vv=VM code)
j  org.lwjgl.opengl.GL11C.glClearColor(FFFF)V+0
j  org.lwjgl.opengl.GL11.glClearColor(FFFF)V+4
j  perfektron.Main.init()V+88
j  perfektron.Main.run()V+1
j  perfektron.Main$1.paintComponent(Ljava/awt/Graphics;)V+12
j  javax.swing.JComponent.paint(Ljava/awt/Graphics;)V+286 java.desktop@13.0.1
j  javax.swing.JComponent.paintChildren(Ljava/awt/Graphics;)V+523 java.desktop@13.0.1
j  javax.swing.JComponent.paint(Ljava/awt/Graphics;)V+318 java.desktop@13.0.1
j  javax.swing.JComponent.paintChildren(Ljava/awt/Graphics;)V+523 java.desktop@13.0.1
j  javax.swing.JComponent.paint(Ljava/awt/Graphics;)V+318 java.desktop@13.0.1
j  javax.swing.JLayeredPane.paint(Ljava/awt/Graphics;)V+73 java.desktop@13.0.1
j  javax.swing.JComponent.paintChildren(Ljava/awt/Graphics;)V+523 java.desktop@13.0.1
j  javax.swing.JComponent.paintToOffscreen(Ljava/awt/Graphics;IIIIII)V+72 java.desktop@13.0.1
j  javax.swing.RepaintManager$PaintManager.paintDoubleBufferedImpl(Ljavax/swing/JComponent;Ljava/awt/Image;Ljava/awt/Graphics;IIII)V+163 java.desktop@13.0.1
j  javax.swing.RepaintManager$PaintManager.paintDoubleBuffered(Ljavax/swing/JComponent;Ljava/awt/Image;Ljava/awt/Graphics;IIII)V+46 java.desktop@13.0.1
j  javax.swing.RepaintManager$PaintManager.paint(Ljavax/swing/JComponent;Ljavax/swing/JComponent;Ljava/awt/Graphics;IIII)Z+128 java.desktop@13.0.1
j  javax.swing.RepaintManager.paint(Ljavax/swing/JComponent;Ljavax/swing/JComponent;Ljava/awt/Graphics;IIII)V+52 java.desktop@13.0.1
j  javax.swing.JComponent.paint(Ljava/awt/Graphics;)V+221 java.desktop@13.0.1
j  java.awt.GraphicsCallback$PaintCallback.run(Ljava/awt/Component;Ljava/awt/Graphics;)V+2 java.desktop@13.0.1
j  sun.awt.SunGraphicsCallback.runOneComponent(Ljava/awt/Component;Ljava/awt/Rectangle;Ljava/awt/Graphics;Ljava/awt/Shape;I)V+130 java.desktop@13.0.1
j  sun.awt.SunGraphicsCallback.runComponents([Ljava/awt/Component;Ljava/awt/Graphics;I)V+157 java.desktop@13.0.1
j  java.awt.Container.paint(Ljava/awt/Graphics;)V+58 java.desktop@13.0.1
j  java.awt.Window.paint(Ljava/awt/Graphics;)V+68 java.desktop@13.0.1
j  javax.swing.RepaintManager$4.run()Ljava/lang/Void;+142 java.desktop@13.0.1
j  javax.swing.RepaintManager$4.run()Ljava/lang/Object;+1 java.desktop@13.0.1
j  java.security.AccessController.executePrivileged(Ljava/security/PrivilegedAction;Ljava/security/AccessControlContext;Ljava/lang/Class;)Ljava/lang/Object;+29 java.base@13.0.1
j  java.security.AccessController.doPrivileged(Ljava/security/PrivilegedAction;Ljava/security/AccessControlContext;)Ljava/lang/Object;+13 java.base@13.0.1
j  java.security.ProtectionDomain$JavaSecurityAccessImpl.doIntersectionPrivilege(Ljava/security/PrivilegedAction;Ljava/security/AccessControlContext;Ljava/security/AccessControlContext;)Ljava/lang/Object;+18 java.base@13.0.1
j  javax.swing.RepaintManager.paintDirtyRegions(Ljava/util/Map;)V+154 java.desktop@13.0.1
j  javax.swing.RepaintManager.paintDirtyRegions()V+46 java.desktop@13.0.1
j  javax.swing.RepaintManager.prePaintDirtyRegions()V+73 java.desktop@13.0.1
j  javax.swing.RepaintManager$ProcessingRunnable.run()V+37 java.desktop@13.0.1
j  java.awt.event.InvocationEvent.dispatch()V+47 java.desktop@13.0.1
j  java.awt.EventQueue.dispatchEventImpl(Ljava/awt/AWTEvent;Ljava/lang/Object;)V+21 java.desktop@13.0.1
j  java.awt.EventQueue$4.run()Ljava/lang/Void;+32 java.desktop@13.0.1
j  java.awt.EventQueue$4.run()Ljava/lang/Object;+1 java.desktop@13.0.1
j  java.security.AccessController.executePrivileged(Ljava/security/PrivilegedAction;Ljava/security/AccessControlContext;Ljava/lang/Class;)Ljava/lang/Object;+29 java.base@13.0.1
j  java.security.AccessController.doPrivileged(Ljava/security/PrivilegedAction;Ljava/security/AccessControlContext;)Ljava/lang/Object;+13 java.base@13.0.1
j  java.security.ProtectionDomain$JavaSecurityAccessImpl.doIntersectionPrivilege(Ljava/security/PrivilegedAction;Ljava/security/AccessControlContext;Ljava/security/AccessControlContext;)Ljava/lang/Object;+18 java.base@13.0.1
j  java.awt.EventQueue.dispatchEvent(Ljava/awt/AWTEvent;)V+46 java.desktop@13.0.1
j  java.awt.EventDispatchThread.pumpOneEventForFilters(I)V+78 java.desktop@13.0.1
j  java.awt.EventDispatchThread.pumpEventsForFilter(ILjava/awt/Conditional;Ljava/awt/EventFilter;)V+35 java.desktop@13.0.1
j  java.awt.EventDispatchThread.pumpEventsForHierarchy(ILjava/awt/Conditional;Ljava/awt/Component;)V+11 java.desktop@13.0.1
j  java.awt.EventDispatchThread.pumpEvents(ILjava/awt/Conditional;)V+4 java.desktop@13.0.1
j  java.awt.EventDispatchThread.pumpEvents(Ljava/awt/Conditional;)V+3 java.desktop@13.0.1
j  java.awt.EventDispatchThread.run()V+9 java.desktop@13.0.1
v  ~StubRoutines::call_stub

siginfo: EXCEPTION_ACCESS_VIOLATION (0xc0000005), reading address 0x0000000000000070


Register to memory mapping:

RIP=0x00007ffdaebfc4a9 lwjgl_opengl.dll
RAX=0x00000284fb13e420 points into unknown readable memory: 00 00 00 00 00 00 00 00
RBX={method} {0x000002848542f9d0} 'glClearColor' '(FFFF)V' in 'org/lwjgl/opengl/GL11C'
RCX=0x0 is NULL
RDX=0x000000cd765fda80 is pointing into the stack for thread: 0x00000284fa751800
RSP=0x000000cd765fd9d8 is pointing into the stack for thread: 0x00000284fa751800
RBP=0x000000cd765fda70 is pointing into the stack for thread: 0x00000284fa751800
RSI=0x0 is NULL
RDI=0x00000284dd4ba273 is at code_begin+2355 in an Interpreter codelet
invoke return entry points  [0x00000284dd4b9940, 0x00000284dd4ba360]  2592 bytes
R8 =0x0000000000000004 is an unknown value
R9 =0x0000000000000004 is an unknown value
R10=0x00000284dd4bf4c8 is at code_begin+1000 in an Interpreter codelet
method entry point (kind = native)  [0x00000284dd4bf0e0, 0x00000284dd4bfc40]  2912 bytes
R11=0x0000000711227bf8 is an oop: java.lang.Class 
{0x0000000711227bf8} - klass: 'java/lang/Class'
R12=0x0 is NULL
R13=0x000002848542f9c0 is pointing into metadata
R14=0x000000cd765fdaa8 is pointing into the stack for thread: 0x00000284fa751800
R15=0x00000284fa751800 is a thread


Registers:
RAX=0x00000284fb13e420, RBX=0x000002848542f9c8, RCX=0x0000000000000000, RDX=0x000000cd765fda80
RSP=0x000000cd765fd9d8, RBP=0x000000cd765fda70, RSI=0x0000000000000000, RDI=0x00000284dd4ba273
R8 =0x0000000000000004, R9 =0x0000000000000004, R10=0x00000284dd4bf4c8, R11=0x0000000711227bf8
R12=0x0000000000000000, R13=0x000002848542f9c0, R14=0x000000cd765fdaa8, R15=0x00000284fa751800
RIP=0x00007ffdaebfc4a9, EFLAGS=0x0000000000010206

Top of Stack: (sp=0x000000cd765fd9d8)
0x000000cd765fd9d8:   00000284dd4bf4f7 000002848542f9c8
0x000000cd765fd9e8:   0000000000000000 00000284dd4ba273
0x000000cd765fd9f8:   00000284dd4bf1f2 0000028400000000
0x000000cd765fda08:   0000000000000000 3ff0000000000000
0x000000cd765fda18:   0000000000000000 00000284dd4bf196
0x000000cd765fda28:   000000cd765fda28 000002848542f9c0
0x000000cd765fda38:   000000cd765fdaa8 000002848543ae68
0x000000cd765fda48:   0000000000000000 0000000711227bf8
0x000000cd765fda58:   000002848542f9c8 0000000000000000
0x000000cd765fda68:   000000cd765fda90 000000cd765fdaf8
0x000000cd765fda78:   00000284dd4ba273 0000000711227bf8
0x000000cd765fda88:   00000284dd4bc418 00007ffd00000000
0x000000cd765fda98:   0000000000000000 0000028400000000
0x000000cd765fdaa8:   0000028400000000 000000cd765fdab0
0x000000cd765fdab8:   00000284f9ec452c 000000cd765fdb20
0x000000cd765fdac8:   0000028485420040 0000000000000000 

Instructions: (pc=0x00007ffdaebfc4a9)
0x00007ffdaebfc3a9:   cc cc cc cc cc cc cc 48 8b 01 49 8b c8 48 8b 50
0x00007ffdaebfc3b9:   18 48 ff a2 60 0a 00 00 cc cc cc cc cc cc cc cc
0x00007ffdaebfc3c9:   cc cc cc cc cc cc cc 48 8b 01 49 8b c8 48 8b 50
0x00007ffdaebfc3d9:   18 48 ff a2 68 0a 00 00 cc cc cc cc cc cc cc cc
0x00007ffdaebfc3e9:   cc cc cc cc cc cc cc 40 53 48 8b 01 41 8b d8 44
0x00007ffdaebfc3f9:   8b 44 24 30 41 8b d1 4c 8b 4c 24 38 8b cb 4c 8b
0x00007ffdaebfc409:   50 18 5b 49 ff a2 70 0a 00 00 cc cc cc cc cc cc
0x00007ffdaebfc419:   cc cc cc cc cc cc cc 48 8b 01 41 8b c8 48 8b 50
0x00007ffdaebfc429:   18 48 ff 22 cc cc cc 48 8b 01 41 8b c8 48 8b 50
0x00007ffdaebfc439:   18 48 ff 62 08 cc cc 48 8b 01 41 8b d1 41 8b c8
0x00007ffdaebfc449:   4c 8b 50 18 49 ff 62 38 cc cc cc cc cc cc cc cc
0x00007ffdaebfc459:   cc cc cc cc cc cc cc 48 8b 01 41 8b d1 41 8b c8
0x00007ffdaebfc469:   4c 8b 50 18 49 ff 62 48 cc cc cc cc cc cc cc cc
0x00007ffdaebfc479:   cc cc cc cc cc cc cc 48 8b 01 41 8b c8 48 8b 50
0x00007ffdaebfc489:   18 48 ff 62 60 cc cc 48 8b 01 0f 28 cb f3 0f 10
0x00007ffdaebfc499:   5c 24 30 0f 28 c2 f3 0f 10 54 24 28 48 8b 48 18
0x00007ffdaebfc4a9:   48 ff 61 70 cc cc cc 48 8b 01 0f 28 c2 48 8b 48
0x00007ffdaebfc4b9:   18 48 ff 61 78 cc cc 48 8b 01 41 8b c8 48 8b 50
0x00007ffdaebfc4c9:   18 48 ff a2 88 00 00 00 cc cc cc cc cc cc cc cc
0x00007ffdaebfc4d9:   cc cc cc cc cc cc cc 40 53 48 8b 01 41 0f b6 d8
0x00007ffdaebfc4e9:   44 0f b6 44 24 30 41 0f b6 d1 44 0f b6 4c 24 38
0x00007ffdaebfc4f9:   0f b6 cb 4c 8b 50 18 5b 49 ff a2 98 01 00 00 cc
0x00007ffdaebfc509:   cc cc cc cc cc cc cc 48 8b 01 41 8b c8 48 8b 50
0x00007ffdaebfc519:   18 48 ff a2 b8 01 00 00 cc cc cc cc cc cc cc cc
0x00007ffdaebfc529:   cc cc cc cc cc cc cc 48 8b 01 41 8b c8 48 8b 50
0x00007ffdaebfc539:   18 48 ff a2 c8 01 00 00 cc cc cc cc cc cc cc cc
0x00007ffdaebfc549:   cc cc cc cc cc cc cc 48 8b 01 41 0f b6 c8 48 8b
0x00007ffdaebfc559:   50 18 48 ff a2 d0 01 00 00 cc cc cc cc cc cc cc
0x00007ffdaebfc569:   cc cc cc cc cc cc cc 48 8b 01 0f 28 cb 0f 28 c2
0x00007ffdaebfc579:   48 8b 48 18 48 ff a1 d8 01 00 00 cc cc cc cc cc
0x00007ffdaebfc589:   cc cc cc cc cc cc cc 48 8b 01 45 8b d8 44 8b 44
0x00007ffdaebfc599:   24 28 41 8b d1 41 8b cb 4c 8b 50 18 49 ff a2 e8 


Stack slot to memory mapping:
stack at sp + 0 slots: 0x00000284dd4bf4f7 is at code_begin+1047 in an Interpreter codelet
method entry point (kind = native)  [0x00000284dd4bf0e0, 0x00000284dd4bfc40]  2912 bytes
stack at sp + 1 slots: {method} {0x000002848542f9d0} 'glClearColor' '(FFFF)V' in 'org/lwjgl/opengl/GL11C'
stack at sp + 2 slots: 0x0 is NULL
stack at sp + 3 slots: 0x00000284dd4ba273 is at code_begin+2355 in an Interpreter codelet
invoke return entry points  [0x00000284dd4b9940, 0x00000284dd4ba360]  2592 bytes
stack at sp + 4 slots: 0x00000284dd4bf1f2 is at code_begin+274 in an Interpreter codelet
method entry point (kind = native)  [0x00000284dd4bf0e0, 0x00000284dd4bfc40]  2912 bytes
stack at sp + 5 slots: 0x0000028400000000 is an unknown value
stack at sp + 6 slots: 0x0 is NULL
stack at sp + 7 slots: 0x3ff0000000000000 is an unknown value


---------------  P R O C E S S  ---------------

Threads class SMR info:
_java_thread_list=0x00000284fb50ee10, length=14, elements={
0x00000284f908c800, 0x00000284f908d800, 0x00000284f9fe7000, 0x00000284f9fe9800,
0x00000284f9feb800, 0x00000284f9fec800, 0x00000284f9fed800, 0x00000284fa279000,
0x00000284fa2b8800, 0x00000284faa14800, 0x00000284faa8c000, 0x00000284faa8e800,
0x00000284fa751800, 0x00000284d37db000
}

Java Threads: ( => current thread )
  0x00000284f908c800 JavaThread "Reference Handler" daemon [_thread_blocked, id=1672, stack(0x000000cd75d00000,0x000000cd75e00000)]
  0x00000284f908d800 JavaThread "Finalizer" daemon [_thread_blocked, id=20180, stack(0x000000cd75e00000,0x000000cd75f00000)]
  0x00000284f9fe7000 JavaThread "Signal Dispatcher" daemon [_thread_blocked, id=18252, stack(0x000000cd75f00000,0x000000cd76000000)]
  0x00000284f9fe9800 JavaThread "Attach Listener" daemon [_thread_blocked, id=1140, stack(0x000000cd76000000,0x000000cd76100000)]
  0x00000284f9feb800 JavaThread "C2 CompilerThread0" daemon [_thread_in_native, id=23272, stack(0x000000cd76100000,0x000000cd76200000)]
  0x00000284f9fec800 JavaThread "C1 CompilerThread0" daemon [_thread_blocked, id=3256, stack(0x000000cd76200000,0x000000cd76300000)]
  0x00000284f9fed800 JavaThread "Sweeper thread" daemon [_thread_blocked, id=15144, stack(0x000000cd76300000,0x000000cd76400000)]
  0x00000284fa279000 JavaThread "Common-Cleaner" daemon [_thread_blocked, id=22588, stack(0x000000cd76400000,0x000000cd76500000)]
  0x00000284fa2b8800 JavaThread "Service Thread" daemon [_thread_blocked, id=17872, stack(0x000000cd76600000,0x000000cd76700000)]
  0x00000284faa14800 JavaThread "Java2D Disposer" daemon [_thread_blocked, id=18276, stack(0x000000cd76800000,0x000000cd76900000)]
  0x00000284faa8c000 JavaThread "AWT-Shutdown" [_thread_blocked, id=22284, stack(0x000000cd76900000,0x000000cd76a00000)]
  0x00000284faa8e800 JavaThread "AWT-Windows" daemon [_thread_in_native, id=7520, stack(0x000000cd76a00000,0x000000cd76b00000)]
=>0x00000284fa751800 JavaThread "AWT-EventQueue-0" [_thread_in_native, id=8712, stack(0x000000cd76500000,0x000000cd76600000)]
  0x00000284d37db000 JavaThread "DestroyJavaVM" [_thread_blocked, id=16516, stack(0x000000cd75600000,0x000000cd75700000)]

Other Threads:
  0x00000284f908a800 VMThread "VM Thread" [stack: 0x000000cd75c00000,0x000000cd75d00000] [id=4220]
  0x00000284fa2c0800 WatcherThread [stack: 0x000000cd76700000,0x000000cd76800000] [id=12576]
  0x00000284d3849800 GCTaskThread "GC Thread#0" [stack: 0x000000cd75700000,0x000000cd75800000] [id=21776]
  0x00000284fb243000 GCTaskThread "GC Thread#1" [stack: 0x000000cd76c00000,0x000000cd76d00000] [id=21816]
  0x00000284fb0b5000 GCTaskThread "GC Thread#2" [stack: 0x000000cd76d00000,0x000000cd76e00000] [id=17008]
  0x00000284fb0b6000 GCTaskThread "GC Thread#3" [stack: 0x000000cd76e00000,0x000000cd76f00000] [id=9412]
  0x00000284fb031000 GCTaskThread "GC Thread#4" [stack: 0x000000cd76f00000,0x000000cd77000000] [id=16228]
  0x00000284fb032000 GCTaskThread "GC Thread#5" [stack: 0x000000cd77000000,0x000000cd77100000] [id=10720]
  0x00000284d386b000 ConcurrentGCThread "G1 Main Marker" [stack: 0x000000cd75800000,0x000000cd75900000] [id=14340]
  0x00000284d386c800 ConcurrentGCThread "G1 Conc#0" [stack: 0x000000cd75900000,0x000000cd75a00000] [id=7304]
  0x00000284f8fdb000 ConcurrentGCThread "G1 Refine#0" [stack: 0x000000cd75a00000,0x000000cd75b00000] [id=7264]
  0x00000284f8fdd000 ConcurrentGCThread "G1 Young RemSet Sampling" [stack: 0x000000cd75b00000,0x000000cd75c00000] [id=13048]

Threads with active compile tasks:
C2 CompilerThread0     3095 1138   !   4       jdk.internal.loader.URLClassPath$JarLoader::getResource (354 bytes)

VM state:not at safepoint (normal execution)

VM Mutex/Monitor currently owned by a thread: None

Heap address: 0x0000000702600000, size: 4058 MB, Compressed Oops mode: Zero based, Oop shift amount: 3
Narrow klass base: 0x0000000800000000, Narrow klass shift: 3
Compressed class space size: 1073741824 Address: 0x0000000800b40000

Heap:
 garbage-first heap   total 260096K, used 24947K [0x0000000702600000, 0x0000000800000000)
  region size 1024K, 21 young (21504K), 3 survivors (3072K)
 Metaspace       used 8994K, capacity 9263K, committed 9472K, reserved 1058816K
  class space    used 864K, capacity 996K, committed 1024K, reserved 1048576K
Heap Regions: E=young(eden), S=young(survivor), O=old, HS=humongous(starts), HC=humongous(continues), CS=collection set, F=free, A=archive, TAMS=top-at-mark-start (previous, next)
|   0|0x0000000702600000, 0x0000000702700000, 0x0000000702700000|100%|HS|  |TAMS 0x0000000702600000, 0x0000000702600000| Complete 
|   1|0x0000000702700000, 0x0000000702800000, 0x0000000702800000|100%|HC|  |TAMS 0x0000000702700000, 0x0000000702700000| Complete 
|   2|0x0000000702800000, 0x0000000702900000, 0x0000000702900000|100%| O|  |TAMS 0x0000000702800000, 0x0000000702800000| Untracked 
|   3|0x0000000702900000, 0x0000000702a00000, 0x0000000702a00000|100%| O|  |TAMS 0x0000000702900000, 0x0000000702900000| Untracked 
|   4|0x0000000702a00000, 0x0000000702a5ce00, 0x0000000702b00000| 36%| O|  |TAMS 0x0000000702a00000, 0x0000000702a00000| Untracked 
|   5|0x0000000702b00000, 0x0000000702b00000, 0x0000000702c00000|  0%| F|  |TAMS 0x0000000702b00000, 0x0000000702b00000| Untracked 
|   6|0x0000000702c00000, 0x0000000702c00000, 0x0000000702d00000|  0%| F|  |TAMS 0x0000000702c00000, 0x0000000702c00000| Untracked 
|   7|0x0000000702d00000, 0x0000000702d00000, 0x0000000702e00000|  0%| F|  |TAMS 0x0000000702d00000, 0x0000000702d00000| Untracked 
|   8|0x0000000702e00000, 0x0000000702e00000, 0x0000000702f00000|  0%| F|  |TAMS 0x0000000702e00000, 0x0000000702e00000| Untracked 
|   9|0x0000000702f00000, 0x0000000702f00000, 0x0000000703000000|  0%| F|  |TAMS 0x0000000702f00000, 0x0000000702f00000| Untracked 
|  10|0x0000000703000000, 0x0000000703000000, 0x0000000703100000|  0%| F|  |TAMS 0x0000000703000000, 0x0000000703000000| Untracked 
|  11|0x0000000703100000, 0x0000000703100000, 0x0000000703200000|  0%| F|  |TAMS 0x0000000703100000, 0x0000000703100000| Untracked 
|  12|0x0000000703200000, 0x0000000703200000, 0x0000000703300000|  0%| F|  |TAMS 0x0000000703200000, 0x0000000703200000| Untracked 
|  13|0x0000000703300000, 0x0000000703300000, 0x0000000703400000|  0%| F|  |TAMS 0x0000000703300000, 0x0000000703300000| Untracked 
|  14|0x0000000703400000, 0x0000000703400000, 0x0000000703500000|  0%| F|  |TAMS 0x0000000703400000, 0x0000000703400000| Untracked 
|  15|0x0000000703500000, 0x0000000703500000, 0x0000000703600000|  0%| F|  |TAMS 0x0000000703500000, 0x0000000703500000| Untracked 
|  16|0x0000000703600000, 0x0000000703600000, 0x0000000703700000|  0%| F|  |TAMS 0x0000000703600000, 0x0000000703600000| Untracked 
|  17|0x0000000703700000, 0x0000000703700000, 0x0000000703800000|  0%| F|  |TAMS 0x0000000703700000, 0x0000000703700000| Untracked 
|  18|0x0000000703800000, 0x0000000703800000, 0x0000000703900000|  0%| F|  |TAMS 0x0000000703800000, 0x0000000703800000| Untracked 
|  19|0x0000000703900000, 0x0000000703900000, 0x0000000703a00000|  0%| F|  |TAMS 0x0000000703900000, 0x0000000703900000| Untracked 
|  20|0x0000000703a00000, 0x0000000703a00000, 0x0000000703b00000|  0%| F|  |TAMS 0x0000000703a00000, 0x0000000703a00000| Untracked 
|  21|0x0000000703b00000, 0x0000000703b00000, 0x0000000703c00000|  0%| F|  |TAMS 0x0000000703b00000, 0x0000000703b00000| Untracked 
|  22|0x0000000703c00000, 0x0000000703c00000, 0x0000000703d00000|  0%| F|  |TAMS 0x0000000703c00000, 0x0000000703c00000| Untracked 
|  23|0x0000000703d00000, 0x0000000703d00000, 0x0000000703e00000|  0%| F|  |TAMS 0x0000000703d00000, 0x0000000703d00000| Untracked 
|  24|0x0000000703e00000, 0x0000000703e00000, 0x0000000703f00000|  0%| F|  |TAMS 0x0000000703e00000, 0x0000000703e00000| Untracked 
|  25|0x0000000703f00000, 0x0000000703f00000, 0x0000000704000000|  0%| F|  |TAMS 0x0000000703f00000, 0x0000000703f00000| Untracked 
|  26|0x0000000704000000, 0x0000000704000000, 0x0000000704100000|  0%| F|  |TAMS 0x0000000704000000, 0x0000000704000000| Untracked 
|  27|0x0000000704100000, 0x0000000704100000, 0x0000000704200000|  0%| F|  |TAMS 0x0000000704100000, 0x0000000704100000| Untracked 
|  28|0x0000000704200000, 0x0000000704200000, 0x0000000704300000|  0%| F|  |TAMS 0x0000000704200000, 0x0000000704200000| Untracked 
|  29|0x0000000704300000, 0x0000000704300000, 0x0000000704400000|  0%| F|  |TAMS 0x0000000704300000, 0x0000000704300000| Untracked 
|  30|0x0000000704400000, 0x0000000704400000, 0x0000000704500000|  0%| F|  |TAMS 0x0000000704400000, 0x0000000704400000| Untracked 
|  31|0x0000000704500000, 0x0000000704500000, 0x0000000704600000|  0%| F|  |TAMS 0x0000000704500000, 0x0000000704500000| Untracked 
|  32|0x0000000704600000, 0x0000000704600000, 0x0000000704700000|  0%| F|  |TAMS 0x0000000704600000, 0x0000000704600000| Untracked 
|  33|0x0000000704700000, 0x0000000704700000, 0x0000000704800000|  0%| F|  |TAMS 0x0000000704700000, 0x0000000704700000| Untracked 
|  34|0x0000000704800000, 0x0000000704800000, 0x0000000704900000|  0%| F|  |TAMS 0x0000000704800000, 0x0000000704800000| Untracked 
|  35|0x0000000704900000, 0x0000000704900000, 0x0000000704a00000|  0%| F|  |TAMS 0x0000000704900000, 0x0000000704900000| Untracked 
|  36|0x0000000704a00000, 0x0000000704a00000, 0x0000000704b00000|  0%| F|  |TAMS 0x0000000704a00000, 0x0000000704a00000| Untracked 
|  37|0x0000000704b00000, 0x0000000704b00000, 0x0000000704c00000|  0%| F|  |TAMS 0x0000000704b00000, 0x0000000704b00000| Untracked 
|  38|0x0000000704c00000, 0x0000000704c00000, 0x0000000704d00000|  0%| F|  |TAMS 0x0000000704c00000, 0x0000000704c00000| Untracked 
|  39|0x0000000704d00000, 0x0000000704d00000, 0x0000000704e00000|  0%| F|  |TAMS 0x0000000704d00000, 0x0000000704d00000| Untracked 
|  40|0x0000000704e00000, 0x0000000704e00000, 0x0000000704f00000|  0%| F|  |TAMS 0x0000000704e00000, 0x0000000704e00000| Untracked 
|  41|0x0000000704f00000, 0x0000000704f00000, 0x0000000705000000|  0%| F|  |TAMS 0x0000000704f00000, 0x0000000704f00000| Untracked 
|  42|0x0000000705000000, 0x0000000705000000, 0x0000000705100000|  0%| F|  |TAMS 0x0000000705000000, 0x0000000705000000| Untracked 
|  43|0x0000000705100000, 0x0000000705100000, 0x0000000705200000|  0%| F|  |TAMS 0x0000000705100000, 0x0000000705100000| Untracked 
|  44|0x0000000705200000, 0x0000000705200000, 0x0000000705300000|  0%| F|  |TAMS 0x0000000705200000, 0x0000000705200000| Untracked 
|  45|0x0000000705300000, 0x0000000705300000, 0x0000000705400000|  0%| F|  |TAMS 0x0000000705300000, 0x0000000705300000| Untracked 
|  46|0x0000000705400000, 0x0000000705400000, 0x0000000705500000|  0%| F|  |TAMS 0x0000000705400000, 0x0000000705400000| Untracked 
|  47|0x0000000705500000, 0x0000000705500000, 0x0000000705600000|  0%| F|  |TAMS 0x0000000705500000, 0x0000000705500000| Untracked 
|  48|0x0000000705600000, 0x0000000705600000, 0x0000000705700000|  0%| F|  |TAMS 0x0000000705600000, 0x0000000705600000| Untracked 
|  49|0x0000000705700000, 0x0000000705700000, 0x0000000705800000|  0%| F|  |TAMS 0x0000000705700000, 0x0000000705700000| Untracked 
|  50|0x0000000705800000, 0x0000000705800000, 0x0000000705900000|  0%| F|  |TAMS 0x0000000705800000, 0x0000000705800000| Untracked 
|  51|0x0000000705900000, 0x0000000705900000, 0x0000000705a00000|  0%| F|  |TAMS 0x0000000705900000, 0x0000000705900000| Untracked 
|  52|0x0000000705a00000, 0x0000000705a00000, 0x0000000705b00000|  0%| F|  |TAMS 0x0000000705a00000, 0x0000000705a00000| Untracked 
|  53|0x0000000705b00000, 0x0000000705b00000, 0x0000000705c00000|  0%| F|  |TAMS 0x0000000705b00000, 0x0000000705b00000| Untracked 
|  54|0x0000000705c00000, 0x0000000705c00000, 0x0000000705d00000|  0%| F|  |TAMS 0x0000000705c00000, 0x0000000705c00000| Untracked 
|  55|0x0000000705d00000, 0x0000000705d00000, 0x0000000705e00000|  0%| F|  |TAMS 0x0000000705d00000, 0x0000000705d00000| Untracked 
|  56|0x0000000705e00000, 0x0000000705e00000, 0x0000000705f00000|  0%| F|  |TAMS 0x0000000705e00000, 0x0000000705e00000| Untracked 
|  57|0x0000000705f00000, 0x0000000705f00000, 0x0000000706000000|  0%| F|  |TAMS 0x0000000705f00000, 0x0000000705f00000| Untracked 
|  58|0x0000000706000000, 0x0000000706000000, 0x0000000706100000|  0%| F|  |TAMS 0x0000000706000000, 0x0000000706000000| Untracked 
|  59|0x0000000706100000, 0x0000000706100000, 0x0000000706200000|  0%| F|  |TAMS 0x0000000706100000, 0x0000000706100000| Untracked 
|  60|0x0000000706200000, 0x0000000706200000, 0x0000000706300000|  0%| F|  |TAMS 0x0000000706200000, 0x0000000706200000| Untracked 
|  61|0x0000000706300000, 0x0000000706300000, 0x0000000706400000|  0%| F|  |TAMS 0x0000000706300000, 0x0000000706300000| Untracked 
|  62|0x0000000706400000, 0x0000000706400000, 0x0000000706500000|  0%| F|  |TAMS 0x0000000706400000, 0x0000000706400000| Untracked 
|  63|0x0000000706500000, 0x0000000706500000, 0x0000000706600000|  0%| F|  |TAMS 0x0000000706500000, 0x0000000706500000| Untracked 
|  64|0x0000000706600000, 0x0000000706600000, 0x0000000706700000|  0%| F|  |TAMS 0x0000000706600000, 0x0000000706600000| Untracked 
|  65|0x0000000706700000, 0x0000000706700000, 0x0000000706800000|  0%| F|  |TAMS 0x0000000706700000, 0x0000000706700000| Untracked 
|  66|0x0000000706800000, 0x0000000706800000, 0x0000000706900000|  0%| F|  |TAMS 0x0000000706800000, 0x0000000706800000| Untracked 
|  67|0x0000000706900000, 0x0000000706900000, 0x0000000706a00000|  0%| F|  |TAMS 0x0000000706900000, 0x0000000706900000| Untracked 
|  68|0x0000000706a00000, 0x0000000706a00000, 0x0000000706b00000|  0%| F|  |TAMS 0x0000000706a00000, 0x0000000706a00000| Untracked 
|  69|0x0000000706b00000, 0x0000000706b00000, 0x0000000706c00000|  0%| F|  |TAMS 0x0000000706b00000, 0x0000000706b00000| Untracked 
|  70|0x0000000706c00000, 0x0000000706c00000, 0x0000000706d00000|  0%| F|  |TAMS 0x0000000706c00000, 0x0000000706c00000| Untracked 
|  71|0x0000000706d00000, 0x0000000706d00000, 0x0000000706e00000|  0%| F|  |TAMS 0x0000000706d00000, 0x0000000706d00000| Untracked 
|  72|0x0000000706e00000, 0x0000000706e00000, 0x0000000706f00000|  0%| F|  |TAMS 0x0000000706e00000, 0x0000000706e00000| Untracked 
|  73|0x0000000706f00000, 0x0000000706f00000, 0x0000000707000000|  0%| F|  |TAMS 0x0000000706f00000, 0x0000000706f00000| Untracked 
|  74|0x0000000707000000, 0x0000000707000000, 0x0000000707100000|  0%| F|  |TAMS 0x0000000707000000, 0x0000000707000000| Untracked 
|  75|0x0000000707100000, 0x0000000707100000, 0x0000000707200000|  0%| F|  |TAMS 0x0000000707100000, 0x0000000707100000| Untracked 
|  76|0x0000000707200000, 0x0000000707200000, 0x0000000707300000|  0%| F|  |TAMS 0x0000000707200000, 0x0000000707200000| Untracked 
|  77|0x0000000707300000, 0x0000000707300000, 0x0000000707400000|  0%| F|  |TAMS 0x0000000707300000, 0x0000000707300000| Untracked 
|  78|0x0000000707400000, 0x0000000707400000, 0x0000000707500000|  0%| F|  |TAMS 0x0000000707400000, 0x0000000707400000| Untracked 
|  79|0x0000000707500000, 0x0000000707500000, 0x0000000707600000|  0%| F|  |TAMS 0x0000000707500000, 0x0000000707500000| Untracked 
|  80|0x0000000707600000, 0x0000000707600000, 0x0000000707700000|  0%| F|  |TAMS 0x0000000707600000, 0x0000000707600000| Untracked 
|  81|0x0000000707700000, 0x0000000707700000, 0x0000000707800000|  0%| F|  |TAMS 0x0000000707700000, 0x0000000707700000| Untracked 
|  82|0x0000000707800000, 0x0000000707800000, 0x0000000707900000|  0%| F|  |TAMS 0x0000000707800000, 0x0000000707800000| Untracked 
|  83|0x0000000707900000, 0x0000000707900000, 0x0000000707a00000|  0%| F|  |TAMS 0x0000000707900000, 0x0000000707900000| Untracked 
|  84|0x0000000707a00000, 0x0000000707a00000, 0x0000000707b00000|  0%| F|  |TAMS 0x0000000707a00000, 0x0000000707a00000| Untracked 
|  85|0x0000000707b00000, 0x0000000707b00000, 0x0000000707c00000|  0%| F|  |TAMS 0x0000000707b00000, 0x0000000707b00000| Untracked 
|  86|0x0000000707c00000, 0x0000000707c00000, 0x0000000707d00000|  0%| F|  |TAMS 0x0000000707c00000, 0x0000000707c00000| Untracked 
|  87|0x0000000707d00000, 0x0000000707d00000, 0x0000000707e00000|  0%| F|  |TAMS 0x0000000707d00000, 0x0000000707d00000| Untracked 
|  88|0x0000000707e00000, 0x0000000707e00000, 0x0000000707f00000|  0%| F|  |TAMS 0x0000000707e00000, 0x0000000707e00000| Untracked 
|  89|0x0000000707f00000, 0x0000000707f00000, 0x0000000708000000|  0%| F|  |TAMS 0x0000000707f00000, 0x0000000707f00000| Untracked 
|  90|0x0000000708000000, 0x0000000708000000, 0x0000000708100000|  0%| F|  |TAMS 0x0000000708000000, 0x0000000708000000| Untracked 
|  91|0x0000000708100000, 0x0000000708100000, 0x0000000708200000|  0%| F|  |TAMS 0x0000000708100000, 0x0000000708100000| Untracked 
|  92|0x0000000708200000, 0x0000000708200000, 0x0000000708300000|  0%| F|  |TAMS 0x0000000708200000, 0x0000000708200000| Untracked 
|  93|0x0000000708300000, 0x0000000708300000, 0x0000000708400000|  0%| F|  |TAMS 0x0000000708300000, 0x0000000708300000| Untracked 
|  94|0x0000000708400000, 0x0000000708400000, 0x0000000708500000|  0%| F|  |TAMS 0x0000000708400000, 0x0000000708400000| Untracked 
|  95|0x0000000708500000, 0x0000000708500000, 0x0000000708600000|  0%| F|  |TAMS 0x0000000708500000, 0x0000000708500000| Untracked 
|  96|0x0000000708600000, 0x0000000708600000, 0x0000000708700000|  0%| F|  |TAMS 0x0000000708600000, 0x0000000708600000| Untracked 
|  97|0x0000000708700000, 0x0000000708700000, 0x0000000708800000|  0%| F|  |TAMS 0x0000000708700000, 0x0000000708700000| Untracked 
|  98|0x0000000708800000, 0x0000000708800000, 0x0000000708900000|  0%| F|  |TAMS 0x0000000708800000, 0x0000000708800000| Untracked 
|  99|0x0000000708900000, 0x0000000708900000, 0x0000000708a00000|  0%| F|  |TAMS 0x0000000708900000, 0x0000000708900000| Untracked 
| 100|0x0000000708a00000, 0x0000000708a00000, 0x0000000708b00000|  0%| F|  |TAMS 0x0000000708a00000, 0x0000000708a00000| Untracked 
| 101|0x0000000708b00000, 0x0000000708b00000, 0x0000000708c00000|  0%| F|  |TAMS 0x0000000708b00000, 0x0000000708b00000| Untracked 
| 102|0x0000000708c00000, 0x0000000708c00000, 0x0000000708d00000|  0%| F|  |TAMS 0x0000000708c00000, 0x0000000708c00000| Untracked 
| 103|0x0000000708d00000, 0x0000000708d00000, 0x0000000708e00000|  0%| F|  |TAMS 0x0000000708d00000, 0x0000000708d00000| Untracked 
| 104|0x0000000708e00000, 0x0000000708e00000, 0x0000000708f00000|  0%| F|  |TAMS 0x0000000708e00000, 0x0000000708e00000| Untracked 
| 105|0x0000000708f00000, 0x0000000708f00000, 0x0000000709000000|  0%| F|  |TAMS 0x0000000708f00000, 0x0000000708f00000| Untracked 
| 106|0x0000000709000000, 0x0000000709000000, 0x0000000709100000|  0%| F|  |TAMS 0x0000000709000000, 0x0000000709000000| Untracked 
| 107|0x0000000709100000, 0x0000000709100000, 0x0000000709200000|  0%| F|  |TAMS 0x0000000709100000, 0x0000000709100000| Untracked 
| 108|0x0000000709200000, 0x0000000709200000, 0x0000000709300000|  0%| F|  |TAMS 0x0000000709200000, 0x0000000709200000| Untracked 
| 109|0x0000000709300000, 0x0000000709300000, 0x0000000709400000|  0%| F|  |TAMS 0x0000000709300000, 0x0000000709300000| Untracked 
| 110|0x0000000709400000, 0x0000000709400000, 0x0000000709500000|  0%| F|  |TAMS 0x0000000709400000, 0x0000000709400000| Untracked 
| 111|0x0000000709500000, 0x0000000709500000, 0x0000000709600000|  0%| F|  |TAMS 0x0000000709500000, 0x0000000709500000| Untracked 
| 112|0x0000000709600000, 0x0000000709600000, 0x0000000709700000|  0%| F|  |TAMS 0x0000000709600000, 0x0000000709600000| Untracked 
| 113|0x0000000709700000, 0x0000000709700000, 0x0000000709800000|  0%| F|  |TAMS 0x0000000709700000, 0x0000000709700000| Untracked 
| 114|0x0000000709800000, 0x0000000709800000, 0x0000000709900000|  0%| F|  |TAMS 0x0000000709800000, 0x0000000709800000| Untracked 
| 115|0x0000000709900000, 0x0000000709900000, 0x0000000709a00000|  0%| F|  |TAMS 0x0000000709900000, 0x0000000709900000| Untracked 
| 116|0x0000000709a00000, 0x0000000709a00000, 0x0000000709b00000|  0%| F|  |TAMS 0x0000000709a00000, 0x0000000709a00000| Untracked 
| 117|0x0000000709b00000, 0x0000000709b00000, 0x0000000709c00000|  0%| F|  |TAMS 0x0000000709b00000, 0x0000000709b00000| Untracked 
| 118|0x0000000709c00000, 0x0000000709c00000, 0x0000000709d00000|  0%| F|  |TAMS 0x0000000709c00000, 0x0000000709c00000| Untracked 
| 119|0x0000000709d00000, 0x0000000709d00000, 0x0000000709e00000|  0%| F|  |TAMS 0x0000000709d00000, 0x0000000709d00000| Untracked 
| 120|0x0000000709e00000, 0x0000000709e00000, 0x0000000709f00000|  0%| F|  |TAMS 0x0000000709e00000, 0x0000000709e00000| Untracked 
| 121|0x0000000709f00000, 0x0000000709f00000, 0x000000070a000000|  0%| F|  |TAMS 0x0000000709f00000, 0x0000000709f00000| Untracked 
| 122|0x000000070a000000, 0x000000070a000000, 0x000000070a100000|  0%| F|  |TAMS 0x000000070a000000, 0x000000070a000000| Untracked 
| 123|0x000000070a100000, 0x000000070a100000, 0x000000070a200000|  0%| F|  |TAMS 0x000000070a100000, 0x000000070a100000| Untracked 
| 124|0x000000070a200000, 0x000000070a200000, 0x000000070a300000|  0%| F|  |TAMS 0x000000070a200000, 0x000000070a200000| Untracked 
| 125|0x000000070a300000, 0x000000070a300000, 0x000000070a400000|  0%| F|  |TAMS 0x000000070a300000, 0x000000070a300000| Untracked 
| 126|0x000000070a400000, 0x000000070a400000, 0x000000070a500000|  0%| F|  |TAMS 0x000000070a400000, 0x000000070a400000| Untracked 
| 127|0x000000070a500000, 0x000000070a500000, 0x000000070a600000|  0%| F|  |TAMS 0x000000070a500000, 0x000000070a500000| Untracked 
| 128|0x000000070a600000, 0x000000070a600000, 0x000000070a700000|  0%| F|  |TAMS 0x000000070a600000, 0x000000070a600000| Untracked 
| 129|0x000000070a700000, 0x000000070a700000, 0x000000070a800000|  0%| F|  |TAMS 0x000000070a700000, 0x000000070a700000| Untracked 
| 130|0x000000070a800000, 0x000000070a800000, 0x000000070a900000|  0%| F|  |TAMS 0x000000070a800000, 0x000000070a800000| Untracked 
| 131|0x000000070a900000, 0x000000070a900000, 0x000000070aa00000|  0%| F|  |TAMS 0x000000070a900000, 0x000000070a900000| Untracked 
| 132|0x000000070aa00000, 0x000000070aa00000, 0x000000070ab00000|  0%| F|  |TAMS 0x000000070aa00000, 0x000000070aa00000| Untracked 
| 133|0x000000070ab00000, 0x000000070ab00000, 0x000000070ac00000|  0%| F|  |TAMS 0x000000070ab00000, 0x000000070ab00000| Untracked 
| 134|0x000000070ac00000, 0x000000070ac00000, 0x000000070ad00000|  0%| F|  |TAMS 0x000000070ac00000, 0x000000070ac00000| Untracked 
| 135|0x000000070ad00000, 0x000000070ad00000, 0x000000070ae00000|  0%| F|  |TAMS 0x000000070ad00000, 0x000000070ad00000| Untracked 
| 136|0x000000070ae00000, 0x000000070ae00000, 0x000000070af00000|  0%| F|  |TAMS 0x000000070ae00000, 0x000000070ae00000| Untracked 
| 137|0x000000070af00000, 0x000000070af00000, 0x000000070b000000|  0%| F|  |TAMS 0x000000070af00000, 0x000000070af00000| Untracked 
| 138|0x000000070b000000, 0x000000070b000000, 0x000000070b100000|  0%| F|  |TAMS 0x000000070b000000, 0x000000070b000000| Untracked 
| 139|0x000000070b100000, 0x000000070b100000, 0x000000070b200000|  0%| F|  |TAMS 0x000000070b100000, 0x000000070b100000| Untracked 
| 140|0x000000070b200000, 0x000000070b200000, 0x000000070b300000|  0%| F|  |TAMS 0x000000070b200000, 0x000000070b200000| Untracked 
| 141|0x000000070b300000, 0x000000070b300000, 0x000000070b400000|  0%| F|  |TAMS 0x000000070b300000, 0x000000070b300000| Untracked 
| 142|0x000000070b400000, 0x000000070b400000, 0x000000070b500000|  0%| F|  |TAMS 0x000000070b400000, 0x000000070b400000| Untracked 
| 143|0x000000070b500000, 0x000000070b500000, 0x000000070b600000|  0%| F|  |TAMS 0x000000070b500000, 0x000000070b500000| Untracked 
| 144|0x000000070b600000, 0x000000070b600000, 0x000000070b700000|  0%| F|  |TAMS 0x000000070b600000, 0x000000070b600000| Untracked 
| 145|0x000000070b700000, 0x000000070b700000, 0x000000070b800000|  0%| F|  |TAMS 0x000000070b700000, 0x000000070b700000| Untracked 
| 146|0x000000070b800000, 0x000000070b800000, 0x000000070b900000|  0%| F|  |TAMS 0x000000070b800000, 0x000000070b800000| Untracked 
| 147|0x000000070b900000, 0x000000070b900000, 0x000000070ba00000|  0%| F|  |TAMS 0x000000070b900000, 0x000000070b900000| Untracked 
| 148|0x000000070ba00000, 0x000000070ba00000, 0x000000070bb00000|  0%| F|  |TAMS 0x000000070ba00000, 0x000000070ba00000| Untracked 
| 149|0x000000070bb00000, 0x000000070bb00000, 0x000000070bc00000|  0%| F|  |TAMS 0x000000070bb00000, 0x000000070bb00000| Untracked 
| 150|0x000000070bc00000, 0x000000070bc00000, 0x000000070bd00000|  0%| F|  |TAMS 0x000000070bc00000, 0x000000070bc00000| Untracked 
| 151|0x000000070bd00000, 0x000000070bd00000, 0x000000070be00000|  0%| F|  |TAMS 0x000000070bd00000, 0x000000070bd00000| Untracked 
| 152|0x000000070be00000, 0x000000070be00000, 0x000000070bf00000|  0%| F|  |TAMS 0x000000070be00000, 0x000000070be00000| Untracked 
| 153|0x000000070bf00000, 0x000000070bf00000, 0x000000070c000000|  0%| F|  |TAMS 0x000000070bf00000, 0x000000070bf00000| Untracked 
| 154|0x000000070c000000, 0x000000070c000000, 0x000000070c100000|  0%| F|  |TAMS 0x000000070c000000, 0x000000070c000000| Untracked 
| 155|0x000000070c100000, 0x000000070c100000, 0x000000070c200000|  0%| F|  |TAMS 0x000000070c100000, 0x000000070c100000| Untracked 
| 156|0x000000070c200000, 0x000000070c200000, 0x000000070c300000|  0%| F|  |TAMS 0x000000070c200000, 0x000000070c200000| Untracked 
| 157|0x000000070c300000, 0x000000070c300000, 0x000000070c400000|  0%| F|  |TAMS 0x000000070c300000, 0x000000070c300000| Untracked 
| 158|0x000000070c400000, 0x000000070c400000, 0x000000070c500000|  0%| F|  |TAMS 0x000000070c400000, 0x000000070c400000| Untracked 
| 159|0x000000070c500000, 0x000000070c500000, 0x000000070c600000|  0%| F|  |TAMS 0x000000070c500000, 0x000000070c500000| Untracked 
| 160|0x000000070c600000, 0x000000070c600000, 0x000000070c700000|  0%| F|  |TAMS 0x000000070c600000, 0x000000070c600000| Untracked 
| 161|0x000000070c700000, 0x000000070c700000, 0x000000070c800000|  0%| F|  |TAMS 0x000000070c700000, 0x000000070c700000| Untracked 
| 162|0x000000070c800000, 0x000000070c800000, 0x000000070c900000|  0%| F|  |TAMS 0x000000070c800000, 0x000000070c800000| Untracked 
| 163|0x000000070c900000, 0x000000070c900000, 0x000000070ca00000|  0%| F|  |TAMS 0x000000070c900000, 0x000000070c900000| Untracked 
| 164|0x000000070ca00000, 0x000000070ca00000, 0x000000070cb00000|  0%| F|  |TAMS 0x000000070ca00000, 0x000000070ca00000| Untracked 
| 165|0x000000070cb00000, 0x000000070cb00000, 0x000000070cc00000|  0%| F|  |TAMS 0x000000070cb00000, 0x000000070cb00000| Untracked 
| 166|0x000000070cc00000, 0x000000070cc00000, 0x000000070cd00000|  0%| F|  |TAMS 0x000000070cc00000, 0x000000070cc00000| Untracked 
| 167|0x000000070cd00000, 0x000000070cd00000, 0x000000070ce00000|  0%| F|  |TAMS 0x000000070cd00000, 0x000000070cd00000| Untracked 
| 168|0x000000070ce00000, 0x000000070ce00000, 0x000000070cf00000|  0%| F|  |TAMS 0x000000070ce00000, 0x000000070ce00000| Untracked 
| 169|0x000000070cf00000, 0x000000070cf00000, 0x000000070d000000|  0%| F|  |TAMS 0x000000070cf00000, 0x000000070cf00000| Untracked 
| 170|0x000000070d000000, 0x000000070d000000, 0x000000070d100000|  0%| F|  |TAMS 0x000000070d000000, 0x000000070d000000| Untracked 
| 171|0x000000070d100000, 0x000000070d100000, 0x000000070d200000|  0%| F|  |TAMS 0x000000070d100000, 0x000000070d100000| Untracked 
| 172|0x000000070d200000, 0x000000070d200000, 0x000000070d300000|  0%| F|  |TAMS 0x000000070d200000, 0x000000070d200000| Untracked 
| 173|0x000000070d300000, 0x000000070d300000, 0x000000070d400000|  0%| F|  |TAMS 0x000000070d300000, 0x000000070d300000| Untracked 
| 174|0x000000070d400000, 0x000000070d400000, 0x000000070d500000|  0%| F|  |TAMS 0x000000070d400000, 0x000000070d400000| Untracked 
| 175|0x000000070d500000, 0x000000070d500000, 0x000000070d600000|  0%| F|  |TAMS 0x000000070d500000, 0x000000070d500000| Untracked 
| 176|0x000000070d600000, 0x000000070d600000, 0x000000070d700000|  0%| F|  |TAMS 0x000000070d600000, 0x000000070d600000| Untracked 
| 177|0x000000070d700000, 0x000000070d700000, 0x000000070d800000|  0%| F|  |TAMS 0x000000070d700000, 0x000000070d700000| Untracked 
| 178|0x000000070d800000, 0x000000070d800000, 0x000000070d900000|  0%| F|  |TAMS 0x000000070d800000, 0x000000070d800000| Untracked 
| 179|0x000000070d900000, 0x000000070d900000, 0x000000070da00000|  0%| F|  |TAMS 0x000000070d900000, 0x000000070d900000| Untracked 
| 180|0x000000070da00000, 0x000000070da00000, 0x000000070db00000|  0%| F|  |TAMS 0x000000070da00000, 0x000000070da00000| Untracked 
| 181|0x000000070db00000, 0x000000070db00000, 0x000000070dc00000|  0%| F|  |TAMS 0x000000070db00000, 0x000000070db00000| Untracked 
| 182|0x000000070dc00000, 0x000000070dc00000, 0x000000070dd00000|  0%| F|  |TAMS 0x000000070dc00000, 0x000000070dc00000| Untracked 
| 183|0x000000070dd00000, 0x000000070dd00000, 0x000000070de00000|  0%| F|  |TAMS 0x000000070dd00000, 0x000000070dd00000| Untracked 
| 184|0x000000070de00000, 0x000000070de00000, 0x000000070df00000|  0%| F|  |TAMS 0x000000070de00000, 0x000000070de00000| Untracked 
| 185|0x000000070df00000, 0x000000070df00000, 0x000000070e000000|  0%| F|  |TAMS 0x000000070df00000, 0x000000070df00000| Untracked 
| 186|0x000000070e000000, 0x000000070e000000, 0x000000070e100000|  0%| F|  |TAMS 0x000000070e000000, 0x000000070e000000| Untracked 
| 187|0x000000070e100000, 0x000000070e100000, 0x000000070e200000|  0%| F|  |TAMS 0x000000070e100000, 0x000000070e100000| Untracked 
| 188|0x000000070e200000, 0x000000070e200000, 0x000000070e300000|  0%| F|  |TAMS 0x000000070e200000, 0x000000070e200000| Untracked 
| 189|0x000000070e300000, 0x000000070e300000, 0x000000070e400000|  0%| F|  |TAMS 0x000000070e300000, 0x000000070e300000| Untracked 
| 190|0x000000070e400000, 0x000000070e400000, 0x000000070e500000|  0%| F|  |TAMS 0x000000070e400000, 0x000000070e400000| Untracked 
| 191|0x000000070e500000, 0x000000070e500000, 0x000000070e600000|  0%| F|  |TAMS 0x000000070e500000, 0x000000070e500000| Untracked 
| 192|0x000000070e600000, 0x000000070e600000, 0x000000070e700000|  0%| F|  |TAMS 0x000000070e600000, 0x000000070e600000| Untracked 
| 193|0x000000070e700000, 0x000000070e700000, 0x000000070e800000|  0%| F|  |TAMS 0x000000070e700000, 0x000000070e700000| Untracked 
| 194|0x000000070e800000, 0x000000070e800000, 0x000000070e900000|  0%| F|  |TAMS 0x000000070e800000, 0x000000070e800000| Untracked 
| 195|0x000000070e900000, 0x000000070e900000, 0x000000070ea00000|  0%| F|  |TAMS 0x000000070e900000, 0x000000070e900000| Untracked 
| 196|0x000000070ea00000, 0x000000070ea00000, 0x000000070eb00000|  0%| F|  |TAMS 0x000000070ea00000, 0x000000070ea00000| Untracked 
| 197|0x000000070eb00000, 0x000000070eb00000, 0x000000070ec00000|  0%| F|  |TAMS 0x000000070eb00000, 0x000000070eb00000| Untracked 
| 198|0x000000070ec00000, 0x000000070ec00000, 0x000000070ed00000|  0%| F|  |TAMS 0x000000070ec00000, 0x000000070ec00000| Untracked 
| 199|0x000000070ed00000, 0x000000070ed00000, 0x000000070ee00000|  0%| F|  |TAMS 0x000000070ed00000, 0x000000070ed00000| Untracked 
| 200|0x000000070ee00000, 0x000000070ee00000, 0x000000070ef00000|  0%| F|  |TAMS 0x000000070ee00000, 0x000000070ee00000| Untracked 
| 201|0x000000070ef00000, 0x000000070ef00000, 0x000000070f000000|  0%| F|  |TAMS 0x000000070ef00000, 0x000000070ef00000| Untracked 
| 202|0x000000070f000000, 0x000000070f000000, 0x000000070f100000|  0%| F|  |TAMS 0x000000070f000000, 0x000000070f000000| Untracked 
| 203|0x000000070f100000, 0x000000070f100000, 0x000000070f200000|  0%| F|  |TAMS 0x000000070f100000, 0x000000070f100000| Untracked 
| 204|0x000000070f200000, 0x000000070f200000, 0x000000070f300000|  0%| F|  |TAMS 0x000000070f200000, 0x000000070f200000| Untracked 
| 205|0x000000070f300000, 0x000000070f300000, 0x000000070f400000|  0%| F|  |TAMS 0x000000070f300000, 0x000000070f300000| Untracked 
| 206|0x000000070f400000, 0x000000070f400000, 0x000000070f500000|  0%| F|  |TAMS 0x000000070f400000, 0x000000070f400000| Untracked 
| 207|0x000000070f500000, 0x000000070f500000, 0x000000070f600000|  0%| F|  |TAMS 0x000000070f500000, 0x000000070f500000| Untracked 
| 208|0x000000070f600000, 0x000000070f600000, 0x000000070f700000|  0%| F|  |TAMS 0x000000070f600000, 0x000000070f600000| Untracked 
| 209|0x000000070f700000, 0x000000070f700000, 0x000000070f800000|  0%| F|  |TAMS 0x000000070f700000, 0x000000070f700000| Untracked 
| 210|0x000000070f800000, 0x000000070f800000, 0x000000070f900000|  0%| F|  |TAMS 0x000000070f800000, 0x000000070f800000| Untracked 
| 211|0x000000070f900000, 0x000000070f900000, 0x000000070fa00000|  0%| F|  |TAMS 0x000000070f900000, 0x000000070f900000| Untracked 
| 212|0x000000070fa00000, 0x000000070fa00000, 0x000000070fb00000|  0%| F|  |TAMS 0x000000070fa00000, 0x000000070fa00000| Untracked 
| 213|0x000000070fb00000, 0x000000070fb00000, 0x000000070fc00000|  0%| F|  |TAMS 0x000000070fb00000, 0x000000070fb00000| Untracked 
| 214|0x000000070fc00000, 0x000000070fc00000, 0x000000070fd00000|  0%| F|  |TAMS 0x000000070fc00000, 0x000000070fc00000| Untracked 
| 215|0x000000070fd00000, 0x000000070fd00000, 0x000000070fe00000|  0%| F|  |TAMS 0x000000070fd00000, 0x000000070fd00000| Untracked 
| 216|0x000000070fe00000, 0x000000070fe00000, 0x000000070ff00000|  0%| F|  |TAMS 0x000000070fe00000, 0x000000070fe00000| Untracked 
| 217|0x000000070ff00000, 0x000000070ff00000, 0x0000000710000000|  0%| F|  |TAMS 0x000000070ff00000, 0x000000070ff00000| Untracked 
| 218|0x0000000710000000, 0x0000000710000000, 0x0000000710100000|  0%| F|  |TAMS 0x0000000710000000, 0x0000000710000000| Untracked 
| 219|0x0000000710100000, 0x0000000710100000, 0x0000000710200000|  0%| F|  |TAMS 0x0000000710100000, 0x0000000710100000| Untracked 
| 220|0x0000000710200000, 0x0000000710200000, 0x0000000710300000|  0%| F|  |TAMS 0x0000000710200000, 0x0000000710200000| Untracked 
| 221|0x0000000710300000, 0x0000000710300000, 0x0000000710400000|  0%| F|  |TAMS 0x0000000710300000, 0x0000000710300000| Untracked 
| 222|0x0000000710400000, 0x0000000710400000, 0x0000000710500000|  0%| F|  |TAMS 0x0000000710400000, 0x0000000710400000| Untracked 
| 223|0x0000000710500000, 0x0000000710500000, 0x0000000710600000|  0%| F|  |TAMS 0x0000000710500000, 0x0000000710500000| Untracked 
| 224|0x0000000710600000, 0x0000000710600000, 0x0000000710700000|  0%| F|  |TAMS 0x0000000710600000, 0x0000000710600000| Untracked 
| 225|0x0000000710700000, 0x0000000710700000, 0x0000000710800000|  0%| F|  |TAMS 0x0000000710700000, 0x0000000710700000| Untracked 
| 226|0x0000000710800000, 0x0000000710800000, 0x0000000710900000|  0%| F|  |TAMS 0x0000000710800000, 0x0000000710800000| Untracked 
| 227|0x0000000710900000, 0x0000000710a00000, 0x0000000710a00000|100%| S|CS|TAMS 0x0000000710900000, 0x0000000710900000| Complete 
| 228|0x0000000710a00000, 0x0000000710b00000, 0x0000000710b00000|100%| S|CS|TAMS 0x0000000710a00000, 0x0000000710a00000| Complete 
| 229|0x0000000710b00000, 0x0000000710c00000, 0x0000000710c00000|100%| S|CS|TAMS 0x0000000710b00000, 0x0000000710b00000| Complete 
| 230|0x0000000710c00000, 0x0000000710c00000, 0x0000000710d00000|  0%| F|  |TAMS 0x0000000710c00000, 0x0000000710c00000| Untracked 
| 231|0x0000000710d00000, 0x0000000710d00000, 0x0000000710e00000|  0%| F|  |TAMS 0x0000000710d00000, 0x0000000710d00000| Untracked 
| 232|0x0000000710e00000, 0x0000000710e00000, 0x0000000710f00000|  0%| F|  |TAMS 0x0000000710e00000, 0x0000000710e00000| Untracked 
| 233|0x0000000710f00000, 0x0000000710f00000, 0x0000000711000000|  0%| F|  |TAMS 0x0000000710f00000, 0x0000000710f00000| Untracked 
| 234|0x0000000711000000, 0x0000000711000000, 0x0000000711100000|  0%| F|  |TAMS 0x0000000711000000, 0x0000000711000000| Untracked 
| 235|0x0000000711100000, 0x0000000711100000, 0x0000000711200000|  0%| F|  |TAMS 0x0000000711100000, 0x0000000711100000| Untracked 
| 236|0x0000000711200000, 0x0000000711300000, 0x0000000711300000|100%| E|  |TAMS 0x0000000711200000, 0x0000000711200000| Complete 
| 237|0x0000000711300000, 0x0000000711400000, 0x0000000711400000|100%| E|CS|TAMS 0x0000000711300000, 0x0000000711300000| Complete 
| 238|0x0000000711400000, 0x0000000711500000, 0x0000000711500000|100%| E|CS|TAMS 0x0000000711400000, 0x0000000711400000| Complete 
| 239|0x0000000711500000, 0x0000000711600000, 0x0000000711600000|100%| E|CS|TAMS 0x0000000711500000, 0x0000000711500000| Complete 
| 240|0x0000000711600000, 0x0000000711700000, 0x0000000711700000|100%| E|CS|TAMS 0x0000000711600000, 0x0000000711600000| Complete 
| 241|0x0000000711700000, 0x0000000711800000, 0x0000000711800000|100%| E|CS|TAMS 0x0000000711700000, 0x0000000711700000| Complete 
| 242|0x0000000711800000, 0x0000000711900000, 0x0000000711900000|100%| E|CS|TAMS 0x0000000711800000, 0x0000000711800000| Complete 
| 243|0x0000000711900000, 0x0000000711a00000, 0x0000000711a00000|100%| E|CS|TAMS 0x0000000711900000, 0x0000000711900000| Complete 
| 244|0x0000000711a00000, 0x0000000711b00000, 0x0000000711b00000|100%| E|CS|TAMS 0x0000000711a00000, 0x0000000711a00000| Complete 
| 245|0x0000000711b00000, 0x0000000711c00000, 0x0000000711c00000|100%| E|CS|TAMS 0x0000000711b00000, 0x0000000711b00000| Complete 
| 246|0x0000000711c00000, 0x0000000711d00000, 0x0000000711d00000|100%| E|CS|TAMS 0x0000000711c00000, 0x0000000711c00000| Complete 
| 247|0x0000000711d00000, 0x0000000711e00000, 0x0000000711e00000|100%| E|CS|TAMS 0x0000000711d00000, 0x0000000711d00000| Complete 
| 248|0x0000000711e00000, 0x0000000711f00000, 0x0000000711f00000|100%| E|CS|TAMS 0x0000000711e00000, 0x0000000711e00000| Complete 
| 249|0x0000000711f00000, 0x0000000712000000, 0x0000000712000000|100%| E|CS|TAMS 0x0000000711f00000, 0x0000000711f00000| Complete 
| 250|0x0000000712000000, 0x0000000712100000, 0x0000000712100000|100%| E|CS|TAMS 0x0000000712000000, 0x0000000712000000| Complete 
| 251|0x0000000712100000, 0x0000000712200000, 0x0000000712200000|100%| E|CS|TAMS 0x0000000712100000, 0x0000000712100000| Complete 
| 252|0x0000000712200000, 0x0000000712300000, 0x0000000712300000|100%| E|CS|TAMS 0x0000000712200000, 0x0000000712200000| Complete 
| 253|0x0000000712300000, 0x0000000712400000, 0x0000000712400000|100%| E|CS|TAMS 0x0000000712300000, 0x0000000712300000| Complete 

Card table byte_map: [0x00000284eda80000,0x00000284ee270000] _byte_map_base: 0x00000284ea26d000

Marking Bits (Prev, Next): (CMBitMap*) 0x00000284d384a908, (CMBitMap*) 0x00000284d384a948
 Prev Bits: [0x00000284eea60000, 0x00000284f29c8000)
 Next Bits: [0x00000284f29d0000, 0x00000284f6938000)

Polling page: 0x00000284d3880000

Metaspace:

Usage:
  Non-class:      8.07 MB capacity,     7.94 MB ( 98%) used,   111.22 KB (  1%) free+waste,    26.38 KB ( <1%) overhead. 
      Class:    996.00 KB capacity,   864.70 KB ( 87%) used,   114.74 KB ( 12%) free+waste,    16.56 KB (  2%) overhead. 
       Both:      9.05 MB capacity,     8.78 MB ( 97%) used,   225.96 KB (  2%) free+waste,    42.94 KB ( <1%) overhead. 

Virtual space:
  Non-class space:       10.00 MB reserved,       8.25 MB ( 83%) committed 
      Class space:        1.00 GB reserved,       1.00 MB ( <1%) committed 
             Both:        1.01 GB reserved,       9.25 MB ( <1%) committed 

Chunk freelists:
   Non-Class:  53.00 KB
       Class:  0 bytes
        Both:  53.00 KB

MaxMetaspaceSize: 17179869184.00 GB
CompressedClassSpaceSize: 1.00 GB

CodeHeap 'non-profiled nmethods': size=120000Kb used=547Kb max_used=547Kb free=119453Kb
 bounds [0x00000284e4f80000, 0x00000284e51f0000, 0x00000284ec4b0000]
CodeHeap 'profiled nmethods': size=120000Kb used=2397Kb max_used=2397Kb free=117602Kb
 bounds [0x00000284dda50000, 0x00000284ddcc0000, 0x00000284e4f80000]
CodeHeap 'non-nmethods': size=5760Kb used=1678Kb max_used=1725Kb free=4081Kb
 bounds [0x00000284dd4b0000, 0x00000284dd720000, 0x00000284dda50000]
 total_blobs=2876 nmethods=1231 adapters=993
 compilation: enabled
              stopped_count=0, restarted_count=0
 full_count=0

Compilation events (20 events):
Event: 2.861 Thread 0x00000284f9fec800 1224       1       java.util.Formatter$Flags::valueOf (5 bytes)
Event: 2.861 Thread 0x00000284f9fec800 nmethod 1224 0x00000284e4ffa910 code [0x00000284e4ffaaa0, 0x00000284e4ffabd8]
Event: 2.861 Thread 0x00000284f9fec800 1228  s    3       jdk.internal.jimage.BasicImageReader::findLocation (115 bytes)
Event: 2.863 Thread 0x00000284f9fec800 nmethod 1228 0x00000284ddca1490 code [0x00000284ddca17c0, 0x00000284ddca2aa0]
Event: 2.863 Thread 0x00000284f9fec800 1225       3       jdk.internal.jimage.ImageStringsReader::get (9 bytes)
Event: 2.863 Thread 0x00000284f9fec800 nmethod 1225 0x00000284ddca3090 code [0x00000284ddca3240, 0x00000284ddca3490]
Event: 2.863 Thread 0x00000284f9fec800 1226       3       jdk.internal.jimage.BasicImageReader::getString (49 bytes)
Event: 2.864 Thread 0x00000284f9fec800 nmethod 1226 0x00000284ddca3590 code [0x00000284ddca37e0, 0x00000284ddca4320]
Event: 2.864 Thread 0x00000284f9fec800 1227       3       jdk.internal.jimage.ImageStringsReader::stringFromByteBuffer (28 bytes)
Event: 2.865 Thread 0x00000284f9fec800 nmethod 1227 0x00000284ddca4690 code [0x00000284ddca4880, 0x00000284ddca4ce0]
Event: 2.865 Thread 0x00000284f9fec800 1229       3       jdk.internal.jimage.BasicImageReader::getAttributes (49 bytes)
Event: 2.866 Thread 0x00000284f9fec800 nmethod 1229 0x00000284ddca4e90 code [0x00000284ddca50a0, 0x00000284ddca5870]
Event: 2.866 Thread 0x00000284f9fec800 1230       3       jdk.internal.jimage.ImageLocation::verify (50 bytes)
Event: 2.867 Thread 0x00000284f9fec800 nmethod 1230 0x00000284ddca5a90 code [0x00000284ddca5cc0, 0x00000284ddca64b0]
Event: 2.867 Thread 0x00000284f9fec800 1231       3       java.security.AccessController::executePrivileged (65 bytes)
Event: 2.867 Thread 0x00000284f9fec800 nmethod 1231 0x00000284ddca6810 code [0x00000284ddca69e0, 0x00000284ddca6d40]
Event: 2.869 Thread 0x00000284f9fec800 1233       3       sun.misc.Unsafe::putLong (11 bytes)
Event: 2.870 Thread 0x00000284f9fec800 nmethod 1233 0x00000284ddca6e90 code [0x00000284ddca7020, 0x00000284ddca7198]
Event: 2.870 Thread 0x00000284f9fec800 1234       3       org.lwjgl.system.MemoryUtil::memPutAddress (29 bytes)
Event: 2.870 Thread 0x00000284f9fec800 nmethod 1234 0x00000284ddca7210 code [0x00000284ddca73c0, 0x00000284ddca7598]

GC Heap History (2 events):
Event: 2.118 GC heap before
{Heap before GC invocations=0 (full 0):
 garbage-first heap   total 260096K, used 25600K [0x0000000702600000, 0x0000000800000000)
  region size 1024K, 24 young (24576K), 0 survivors (0K)
 Metaspace       used 7235K, capacity 7513K, committed 7680K, reserved 1056768K
  class space    used 771K, capacity 901K, committed 1024K, reserved 1048576K
}
Event: 2.130 GC heap after
{Heap after GC invocations=1 (full 0):
 garbage-first heap   total 260096K, used 7539K [0x0000000702600000, 0x0000000800000000)
  region size 1024K, 3 young (3072K), 3 survivors (3072K)
 Metaspace       used 7235K, capacity 7513K, committed 7680K, reserved 1056768K
  class space    used 771K, capacity 901K, committed 1024K, reserved 1048576K
}

Deoptimization events (20 events):
Event: 1.786 Thread 0x00000284fa751800 Uncommon trap: trap_request=0xffffff45 fr.pc=0x00000284e4fb011c relative=0x00000000000001fc
Event: 1.786 Thread 0x00000284fa751800 Uncommon trap: reason=unstable_if action=reinterpret pc=0x00000284e4fb011c method=java.lang.String.startsWith(Ljava/lang/String;I)Z @ 14 c2
Event: 1.786 Thread 0x00000284fa751800 DEOPT PACKING pc=0x00000284e4fb011c sp=0x000000cd765fd980
Event: 1.787 Thread 0x00000284fa751800 DEOPT UNPACKING pc=0x00000284dd4f912f sp=0x000000cd765fd8e0 mode 2
Event: 2.048 Thread 0x00000284fa751800 DEOPT PACKING pc=0x00000284dda5e35f sp=0x000000cd765f7570
Event: 2.048 Thread 0x00000284fa751800 DEOPT UNPACKING pc=0x00000284dd4f964e sp=0x000000cd765f69c0 mode 0
Event: 2.142 Thread 0x00000284fa751800 DEOPT PACKING pc=0x00000284dda5ea3b sp=0x000000cd765f34e0
Event: 2.142 Thread 0x00000284fa751800 DEOPT UNPACKING pc=0x00000284dd4f964e sp=0x000000cd765f2958 mode 0
Event: 2.185 Thread 0x00000284fa751800 Uncommon trap: trap_request=0xffffff45 fr.pc=0x00000284e4fd4810 relative=0x0000000000001410
Event: 2.185 Thread 0x00000284fa751800 Uncommon trap: reason=unstable_if action=reinterpret pc=0x00000284e4fd4810 method=java.io.WinNTFileSystem.normalize(Ljava/lang/String;)Ljava/lang/String; @ 40 c2
Event: 2.185 Thread 0x00000284fa751800 DEOPT PACKING pc=0x00000284e4fd4810 sp=0x000000cd765f9e00
Event: 2.185 Thread 0x00000284fa751800 DEOPT UNPACKING pc=0x00000284dd4f912f sp=0x000000cd765f9dd8 mode 2
Event: 2.187 Thread 0x00000284fa751800 Uncommon trap: trap_request=0xffffff45 fr.pc=0x00000284e4fe48e4 relative=0x0000000000000984
Event: 2.188 Thread 0x00000284fa751800 Uncommon trap: reason=unstable_if action=reinterpret pc=0x00000284e4fe48e4 method=java.util.jar.JarFile.getVersionedEntry(Ljava/lang/String;Ljava/util/jar/JarEntry;)Ljava/util/jar/JarEntry; @ 7 c2
Event: 2.188 Thread 0x00000284fa751800 DEOPT PACKING pc=0x00000284e4fe48e4 sp=0x000000cd765f9f30
Event: 2.188 Thread 0x00000284fa751800 DEOPT UNPACKING pc=0x00000284dd4f912f sp=0x000000cd765f9f28 mode 2
Event: 2.234 Thread 0x00000284fa751800 Uncommon trap: trap_request=0xffffff45 fr.pc=0x00000284e4f96ee4 relative=0x0000000000000044
Event: 2.234 Thread 0x00000284fa751800 Uncommon trap: reason=unstable_if action=reinterpret pc=0x00000284e4f96ee4 method=java.lang.CharacterData.of(I)Ljava/lang/CharacterData; @ 4 c2
Event: 2.234 Thread 0x00000284fa751800 DEOPT PACKING pc=0x00000284e4f96ee4 sp=0x000000cd765f98e0
Event: 2.234 Thread 0x00000284fa751800 DEOPT UNPACKING pc=0x00000284dd4f912f sp=0x000000cd765f9880 mode 2

Classes unloaded (0 events):
No events

Classes redefined (0 events):
No events

Internal exceptions (20 events):
Event: 1.682 Thread 0x00000284fa751800 Implicit null exception at 0x00000284e4fcbfce to 0x00000284e4fcc75e
Event: 1.734 Thread 0x00000284fa751800 Exception <a 'java/lang/NoSuchMethodError'{0x0000000711406f10}: 'void java.lang.invoke.DirectMethodHandle$Holder.invokeStaticInit(java.lang.Object)'> (0x0000000711406f10) 
thrown [t:/workspace/open/src/hotspot/share/interpreter/linkResolver.cpp, line 767]
Event: 1.799 Thread 0x00000284fa751800 Exception <a 'java/lang/NoSuchMethodError'{0x000000071145e7f8}: 'java.lang.Object java.lang.invoke.Invokers$Holder.linkToTargetMethod(java.lang.Object, int, java.lang.Object)'> (0x000000071145e7f8) 
thrown [t:/workspace/open/src/hotspot/share/interpreter/linkResolver.cpp, line 767]
Event: 2.109 Thread 0x00000284fa751800 Exception <a 'java/lang/NoSuchMethodError'{0x0000000710c8ac18}: 'void java.lang.invoke.DelegatingMethodHandle$Holder.delegate(java.lang.Object, java.lang.Object, int, java.lang.Object)'> (0x0000000710c8ac18) 
thrown [t:/workspace/open/src/hotspot/share/interpreter/linkResolver.cpp, line 767]
Event: 2.111 Thread 0x00000284fa751800 Exception <a 'java/lang/NoSuchMethodError'{0x0000000710c919c8}: 'java.lang.Object java.lang.invoke.DirectMethodHandle$Holder.invokeStaticInit(java.lang.Object, java.lang.Object, java.lang.Object)'> (0x0000000710c919c8) 
thrown [t:/workspace/open/src/hotspot/share/interpreter/linkResolver.cpp, line 767]
Event: 2.151 Thread 0x00000284fa751800 Exception <a 'java/lang/NoSuchMethodError'{0x0000000712254878}: 'int java.lang.invoke.DirectMethodHandle$Holder.invokeSpecialIFC(java.lang.Object, java.lang.Object, int)'> (0x0000000712254878) 
thrown [t:/workspace/open/src/hotspot/share/interpreter/linkResolver.cpp, line 767]
Event: 2.202 Thread 0x00000284fa751800 Exception <a 'sun/nio/fs/WindowsException'{0x00000007121e2318}> (0x00000007121e2318) 
thrown [t:/workspace/open/src/hotspot/share/prims/jni.cpp, line 598]
Event: 2.202 Thread 0x00000284fa751800 Exception <a 'sun/nio/fs/WindowsException'{0x00000007121e2668}> (0x00000007121e2668) 
thrown [t:/workspace/open/src/hotspot/share/prims/jni.cpp, line 598]
Event: 2.265 Thread 0x00000284fa751800 Exception <a 'java/lang/NoSuchMethodError'{0x0000000711ff9450}: 'int java.lang.invoke.DirectMethodHandle$Holder.invokeStaticInit(java.lang.Object, java.lang.Object, int, long)'> (0x0000000711ff9450) 
thrown [t:/workspace/open/src/hotspot/share/interpreter/linkResolver.cpp, line 767]
Event: 2.269 Thread 0x00000284fa751800 Exception <a 'java/lang/NoSuchMethodError'{0x0000000711e6a558}: 'int java.lang.invoke.DirectMethodHandle$Holder.invokeStaticInit(java.lang.Object, java.lang.Object, long, long)'> (0x0000000711e6a558) 
thrown [t:/workspace/open/src/hotspot/share/interpreter/linkResolver.cpp, line 767]
Event: 2.270 Thread 0x00000284fa751800 Exception <a 'java/lang/NoSuchMethodError'{0x0000000711e6f680}: 'java.lang.Object java.lang.invoke.Invokers$Holder.linkToTargetMethod(java.lang.Object, long, java.lang.Object)'> (0x0000000711e6f680) 
thrown [t:/workspace/open/src/hotspot/share/interpreter/linkResolver.cpp, line 767]
Event: 2.272 Thread 0x00000284fa751800 Exception <a 'java/lang/NoSuchMethodError'{0x0000000711e75510}: 'int java.lang.invoke.DirectMethodHandle$Holder.invokeStaticInit(java.lang.Object, java.lang.Object, java.lang.Object, long)'> (0x0000000711e75510) 
thrown [t:/workspace/open/src/hotspot/share/interpreter/linkResolver.cpp, line 767]
Event: 2.333 Thread 0x00000284fa751800 Exception <a 'sun/nio/fs/WindowsException'{0x00000007118642e0}> (0x00000007118642e0) 
thrown [t:/workspace/open/src/hotspot/share/prims/jni.cpp, line 598]
Event: 2.333 Thread 0x00000284fa751800 Exception <a 'sun/nio/fs/WindowsException'{0x0000000711864670}> (0x0000000711864670) 
thrown [t:/workspace/open/src/hotspot/share/prims/jni.cpp, line 598]
Event: 2.395 Thread 0x00000284fa751800 Exception <a 'sun/nio/fs/WindowsException'{0x00000007116eca78}> (0x00000007116eca78) 
thrown [t:/workspace/open/src/hotspot/share/prims/jni.cpp, line 598]
Event: 2.396 Thread 0x00000284fa751800 Exception <a 'sun/nio/fs/WindowsException'{0x00000007116ecdd8}> (0x00000007116ecdd8) 
thrown [t:/workspace/open/src/hotspot/share/prims/jni.cpp, line 598]
Event: 2.854 Thread 0x00000284fa751800 Exception <a 'sun/nio/fs/WindowsException'{0x0000000711304ae8}> (0x0000000711304ae8) 
thrown [t:/workspace/open/src/hotspot/share/prims/jni.cpp, line 598]
Event: 2.855 Thread 0x00000284fa751800 Exception <a 'sun/nio/fs/WindowsException'{0x0000000711304e90}> (0x0000000711304e90) 
thrown [t:/workspace/open/src/hotspot/share/prims/jni.cpp, line 598]
Event: 2.865 Thread 0x00000284fa751800 Exception <a 'sun/nio/fs/WindowsException'{0x0000000711383740}> (0x0000000711383740) 
thrown [t:/workspace/open/src/hotspot/share/prims/jni.cpp, line 598]
Event: 2.865 Thread 0x00000284fa751800 Exception <a 'sun/nio/fs/WindowsException'{0x0000000711383a20}> (0x0000000711383a20) 
thrown [t:/workspace/open/src/hotspot/share/prims/jni.cpp, line 598]

Events (20 events):
Event: 2.826 loading class org/lwjgl/opengl/GL12 done
Event: 2.827 loading class org/lwjgl/opengl/GL11
Event: 2.827 loading class org/lwjgl/opengl/GL11 done
Event: 2.838 loading class org/lwjgl/opengl/GL
Event: 2.838 loading class org/lwjgl/opengl/GL done
Event: 2.840 loading class org/lwjgl/opengl/GL$ICD
Event: 2.840 loading class org/lwjgl/opengl/GL$ICD done
Event: 2.842 loading class org/lwjgl/opengl/GL$ICDStatic
Event: 2.842 loading class org/lwjgl/opengl/GL$ICDStatic done
Event: 2.847 Executing VM operation: RevokeBias
Event: 2.848 Executing VM operation: RevokeBias done
Event: 2.860 Loaded shared library C:\Users\kabra\AppData\Local\Temp\lwjglkabra\3.3.1-build-7\lwjgl_opengl.dll
Event: 2.863 loading class org/lwjgl/opengl/GL$2
Event: 2.863 loading class org/lwjgl/opengl/GL$2 done
Event: 2.866 loading class org/lwjgl/opengl/GL$1
Event: 2.866 loading class org/lwjgl/opengl/GL$1 done
Event: 2.867 loading class org/lwjgl/system/SharedLibrary$Delegate
Event: 2.867 loading class org/lwjgl/system/SharedLibrary$Delegate done
Event: 2.870 loading class org/lwjgl/opengl/GL11C
Event: 2.870 loading class org/lwjgl/opengl/GL11C done


Dynamic libraries:
0x00007ff606cd0000 - 0x00007ff606cdf000 	C:\Program Files\Java\jdk-13.0.1\bin\java.exe
0x00007ffdde3d0000 - 0x00007ffdde5e6000 	C:\WINDOWS\SYSTEM32\ntdll.dll
0x00007ffddde30000 - 0x00007ffdddef4000 	C:\WINDOWS\System32\KERNEL32.DLL
0x00007ffddba70000 - 0x00007ffddbe16000 	C:\WINDOWS\System32\KERNELBASE.dll
0x00007ffddbe20000 - 0x00007ffddbf31000 	C:\WINDOWS\System32\ucrtbase.dll
0x00007ffdd7030000 - 0x00007ffdd7045000 	C:\Program Files\Java\jdk-13.0.1\bin\VCRUNTIME140.dll
0x00007ffdcb0a0000 - 0x00007ffdcb0b8000 	C:\Program Files\Java\jdk-13.0.1\bin\jli.dll
0x00007ffdddf30000 - 0x00007ffdddfe2000 	C:\WINDOWS\System32\ADVAPI32.dll
0x00007ffdddb60000 - 0x00007ffdddc07000 	C:\WINDOWS\System32\msvcrt.dll
0x00007ffdddc10000 - 0x00007ffdddcb8000 	C:\WINDOWS\System32\sechost.dll
0x00007ffddb710000 - 0x00007ffddb738000 	C:\WINDOWS\System32\bcrypt.dll
0x00007ffddd2a0000 - 0x00007ffddd3b5000 	C:\WINDOWS\System32\RPCRT4.dll
0x00007ffdde1e0000 - 0x00007ffdde38d000 	C:\WINDOWS\System32\USER32.dll
0x00007ffddb740000 - 0x00007ffddb766000 	C:\WINDOWS\System32\win32u.dll
0x00007ffdddf00000 - 0x00007ffdddf29000 	C:\WINDOWS\System32\GDI32.dll
0x00007ffdb3670000 - 0x00007ffdb3903000 	C:\WINDOWS\WinSxS\amd64_microsoft.windows.common-controls_6595b64144ccf1df_6.0.22621.3235_none_270f74e173860f98\COMCTL32.dll
0x00007ffddb950000 - 0x00007ffddba68000 	C:\WINDOWS\System32\gdi32full.dll
0x00007ffddb8b0000 - 0x00007ffddb94a000 	C:\WINDOWS\System32\msvcp_win.dll
0x00007ffdd4c60000 - 0x00007ffdd4c6a000 	C:\WINDOWS\SYSTEM32\VERSION.dll
0x00007ffdddb20000 - 0x00007ffdddb51000 	C:\WINDOWS\System32\IMM32.DLL
0x00007ffdc3060000 - 0x00007ffdc30fb000 	C:\Program Files\Java\jdk-13.0.1\bin\msvcp140.dll
0x00007ffd43000000 - 0x00007ffd43b66000 	C:\Program Files\Java\jdk-13.0.1\bin\server\jvm.dll
0x00007ffddd0f0000 - 0x00007ffddd0f8000 	C:\WINDOWS\System32\PSAPI.DLL
0x00007ffdc04f0000 - 0x00007ffdc04f9000 	C:\WINDOWS\SYSTEM32\WSOCK32.dll
0x00007ffdc97d0000 - 0x00007ffdc9804000 	C:\WINDOWS\SYSTEM32\WINMM.dll
0x00007ffdddcd0000 - 0x00007ffdddd41000 	C:\WINDOWS\System32\WS2_32.dll
0x00007ffdda800000 - 0x00007ffdda818000 	C:\WINDOWS\SYSTEM32\kernel.appcore.dll
0x00007ffdd6fb0000 - 0x00007ffdd6fc0000 	C:\Program Files\Java\jdk-13.0.1\bin\verify.dll
0x00007ffdc6e30000 - 0x00007ffdc7063000 	C:\WINDOWS\SYSTEM32\DBGHELP.DLL
0x00007ffddc290000 - 0x00007ffddc618000 	C:\WINDOWS\System32\combase.dll
0x00007ffdddd50000 - 0x00007ffddde27000 	C:\WINDOWS\System32\OLEAUT32.dll
0x00007ffdc5980000 - 0x00007ffdc59b2000 	C:\WINDOWS\SYSTEM32\dbgcore.DLL
0x00007ffddb770000 - 0x00007ffddb7ea000 	C:\WINDOWS\System32\bcryptPrimitives.dll
0x00007ffdd5c10000 - 0x00007ffdd5c36000 	C:\Program Files\Java\jdk-13.0.1\bin\java.dll
0x00007ffdcb040000 - 0x00007ffdcb057000 	C:\Program Files\Java\jdk-13.0.1\bin\zip.dll
0x00007ffdd6f40000 - 0x00007ffdd6f4a000 	C:\Program Files\Java\jdk-13.0.1\bin\jimage.dll
0x00007ffddc880000 - 0x00007ffddd0dd000 	C:\WINDOWS\System32\SHELL32.dll
0x00007ffdd9600000 - 0x00007ffdd9ef8000 	C:\WINDOWS\SYSTEM32\windows.storage.dll
0x00007ffdd94c0000 - 0x00007ffdd95fe000 	C:\WINDOWS\SYSTEM32\wintypes.dll
0x00007ffddd4d0000 - 0x00007ffddd5c3000 	C:\WINDOWS\System32\SHCORE.dll
0x00007ffddd5d0000 - 0x00007ffddd62e000 	C:\WINDOWS\System32\shlwapi.dll
0x00007ffddb640000 - 0x00007ffddb666000 	C:\WINDOWS\SYSTEM32\profapi.dll
0x00007ffdcb020000 - 0x00007ffdcb039000 	C:\Program Files\Java\jdk-13.0.1\bin\net.dll
0x00007ffdd48e0000 - 0x00007ffdd4a17000 	C:\WINDOWS\SYSTEM32\WINHTTP.dll
0x00007ffddac80000 - 0x00007ffddace9000 	C:\WINDOWS\system32\mswsock.dll
0x00007ffdcae40000 - 0x00007ffdcae53000 	C:\Program Files\Java\jdk-13.0.1\bin\nio.dll
0x00007ffd979f0000 - 0x00007ffd97b89000 	C:\Program Files\Java\jdk-13.0.1\bin\awt.dll
0x00007ffdd7890000 - 0x00007ffdd7e7e000 	C:\WINDOWS\SYSTEM32\d2d1.dll
0x00007ffdd8a40000 - 0x00007ffdd8ad7000 	C:\WINDOWS\SYSTEM32\apphelp.dll
0x00007ffdd8b40000 - 0x00007ffdd8beb000 	C:\WINDOWS\system32\uxtheme.dll
0x00007ffd90000000 - 0x00007ffd90139000 	C:\ProgramData\A-Volute\A-Volute.Nahimic\Modules\Scheduled\x64\AudioDevProps2.dll
0x00007ffddd100000 - 0x00007ffddd29f000 	C:\WINDOWS\System32\ole32.dll
0x00007ffdde080000 - 0x00007ffdde1d4000 	C:\WINDOWS\System32\MSCTF.dll
0x00007ffdd8dc0000 - 0x00007ffdd8deb000 	C:\WINDOWS\system32\DWMAPI.DLL
0x00007ffda7710000 - 0x00007ffda7810000 	C:\WINDOWS\system32\opengl32.dll
0x00007ffdb4900000 - 0x00007ffdb492d000 	C:\WINDOWS\SYSTEM32\GLU32.dll
0x00007ffdd8e30000 - 0x00007ffdd8e69000 	C:\WINDOWS\SYSTEM32\dxcore.dll
0x00007ffdb3bb0000 - 0x00007ffdb3c32000 	C:\Program Files\Java\jdk-13.0.1\bin\freetype.dll
0x00007ffdb3b00000 - 0x00007ffdb3ba6000 	C:\Program Files\Java\jdk-13.0.1\bin\fontmanager.dll
0x00007ffdca820000 - 0x00007ffdca96a000 	C:\WINDOWS\SYSTEM32\textinputframework.dll
0x00007ffdb6290000 - 0x00007ffdb6305000 	C:\Users\kabra\AppData\Local\Temp\lwjglkabra\3.3.1-build-7\lwjgl.dll
0x00007ffd451e0000 - 0x00007ffd45439000 	C:\Users\kabra\AppData\Local\Temp\lwjglkabra\3.3.1-build-7\jemalloc.dll
0x00007ffdcad90000 - 0x00007ffdcadf1000 	C:\Users\kabra\AppData\Local\Temp\lwjglkabra\3.3.1-build-7\glfw.dll
0x00007ffdb1b20000 - 0x00007ffdb1b66000 	C:\WINDOWS\SYSTEM32\dinput8.dll
0x00007ffdb85b0000 - 0x00007ffdb85c1000 	C:\WINDOWS\SYSTEM32\xinput1_4.dll
0x00007ffddb400000 - 0x00007ffddb44e000 	C:\WINDOWS\SYSTEM32\cfgmgr32.dll
0x00007ffddb3d0000 - 0x00007ffddb3fc000 	C:\WINDOWS\SYSTEM32\DEVOBJ.dll
0x00007ffdb0c90000 - 0x00007ffdb0e9a000 	C:\WINDOWS\SYSTEM32\inputhost.dll
0x00007ffdd8750000 - 0x00007ffdd8884000 	C:\WINDOWS\SYSTEM32\CoreMessaging.dll
0x00007ffddaed0000 - 0x00007ffddaedc000 	C:\WINDOWS\SYSTEM32\CRYPTBASE.DLL
0x00007ffdd3fc0000 - 0x00007ffdd400a000 	C:\WINDOWS\SYSTEM32\directxdatabasehelper.dll
0x00007ffddd420000 - 0x00007ffddd4d0000 	C:\WINDOWS\System32\clbcatq.dll
0x00007ffdd46f0000 - 0x00007ffdd4825000 	C:\Windows\System32\AppXDeploymentClient.dll
0x00007ffd7ac80000 - 0x00007ffd7bd25000 	C:\WINDOWS\System32\DriverStore\FileRepository\iigd_dch.inf_amd64_51f685305808e3a5\ig9icd64.dll
0x00007ffdd8cb0000 - 0x00007ffdd8da8000 	C:\WINDOWS\system32\dxgi.dll
0x00007ffd82020000 - 0x00007ffd8214c000 	C:\WINDOWS\System32\DriverStore\FileRepository\iigd_dch.inf_amd64_51f685305808e3a5\igdml64.dll
0x00007ffdcf4a0000 - 0x00007ffdcf8a9000 	C:\WINDOWS\System32\DriverStore\FileRepository\iigd_dch.inf_amd64_51f685305808e3a5\igdgmm64.dll
0x00007ffdcbab0000 - 0x00007ffdcf244000 	C:\WINDOWS\System32\DriverStore\FileRepository\iigd_dch.inf_amd64_51f685305808e3a5\igc64.dll
0x00007ffdda560000 - 0x00007ffdda5ad000 	C:\WINDOWS\SYSTEM32\powrprof.dll
0x00007ffdda540000 - 0x00007ffdda553000 	C:\WINDOWS\SYSTEM32\UMPDC.dll
0x00007ffdaebf0000 - 0x00007ffdaec4d000 	C:\Users\kabra\AppData\Local\Temp\lwjglkabra\3.3.1-build-7\lwjgl_opengl.dll

dbghelp: loaded successfully - version: 4.0.5 - missing functions: none
symbol engine: initialized successfully - sym options: 0x614 - pdb path: .;C:\Program Files\Java\jdk-13.0.1\bin;C:\WINDOWS\SYSTEM32;C:\WINDOWS\WinSxS\amd64_microsoft.windows.common-controls_6595b64144ccf1df_6.0.22621.3235_none_270f74e173860f98;C:\Program Files\Java\jdk-13.0.1\bin\server;C:\ProgramData\A-Volute\A-Volute.Nahimic\Modules\Scheduled\x64;C:\Users\kabra\AppData\Local\Temp\lwjglkabra\3.3.1-build-7;C:\WINDOWS\System32\DriverStore\FileRepository\iigd_dch.inf_amd64_51f685305808e3a5

VM Arguments:
jvm_args: -Dfile.encoding=UTF-8 --module-path=C:\Users\kabra\Documents\NetBeansProjects\JavaApplication1\build\classes 
java_command: perfektron.Main
java_class_path (initial): D:\Programs\NetBeans\netbeans\java\modules\ext\AbsoluteLayout.jar;C:\Users\kabra\Documents\NetBeansProjects\JavaApplication1\libs;C:\Users\kabra\Documents\NetBeansProjects\JavaApplication1\libs\commons-lang3-3.8.1.jar;C:\Users\kabra\Documents\NetBeansProjects\JavaApplication1\libs\commons-math3-3.6.1.jar;C:\Users\kabra\Documents\NetBeansProjects\JavaApplication1\libs\jcommon-1.0.23.jar;C:\Users\kabra\Documents\NetBeansProjects\JavaApplication1\libs\jfreechart-1.0.19.jar;C:\Users\kabra\Documents\NetBeansProjects\JavaApplication1\libs\opencsv-4.4.jar;D:\javafx\jar files;D:\javafx\jar files\JTattoo-1.6.13.jar;C:\Users\kabra\Documents\NetBeansProjects\JavaApplication1\libs\jzy3d-api-1.0.3.jar;C:\Users\kabra\Documents\NetBeansProjects\JavaApplication1\libs\json-20230618.jar;C:\Users\kabra\Documents\NetBeansProjects\JavaApplication1\libs\lwjgl_3_3_1\joml-1.10.5-javadoc.jar;C:\Users\kabra\Documents\NetBeansProjects\JavaApplication1\libs\lwjgl_3_3_1\joml-1.10.5-sources.jar;C:\Users\kabra\Documents\NetBeansProjects\JavaApplication1\libs\lwjgl_3_3_1\joml-1.10.5.jar;C:\Users\kabra\Documents\NetBeansProjects\JavaApplication1\libs\lwjgl_3_3_1\joml-primitives-1.10.0-javadoc.jar;C:\Users\kabra\Documents\NetBeansProjects\JavaApplication1\libs\lwjgl_3_3_1\joml-primitives-1.10.0-sources.jar;C:\Users\kabra\Documents\NetBeansProjects\JavaApplication1\libs\lwjgl_3_3_1\joml-primitives-1.10.0.jar;C:\Users\kabra\Documents\NetBeansProjects\JavaApplication1\libs\lwjgl_3_3_1\lwjgl-assimp-javadoc.jar;C:\Users\kabra\Documents\NetBeansProjects\JavaApplication1\libs\lwjgl_3_3_1\lwjgl-assimp-natives-windows-arm64.jar;C:\Users\kabra\Documents\NetBeansProjects\JavaApplication1\libs\lwjgl_3_3_1\lwjgl-assimp-natives-windows-x86.jar;C:\Users\kabra\Documents\NetBeansProjects\JavaApplication1\libs\lwjgl_3_3_1\lwjgl-assimp-natives-windows.jar;C:\Users\kabra\Documents\NetBeansProjects\JavaApplication1\libs\lwjgl_3_3_1\lwjgl-assimp-sources.jar;C:\Users\kabra\Documents\NetBeansPr
Launcher Type: SUN_STANDARD

[Global flags]
     intx CICompilerCount                          = 4                                         {product} {ergonomic}
     uint ConcGCThreads                            = 3                                         {product} {ergonomic}
     uint G1ConcRefinementThreads                  = 10                                        {product} {ergonomic}
   size_t G1HeapRegionSize                         = 1048576                                   {product} {ergonomic}
    uintx GCDrainStackTargetSize                   = 64                                        {product} {ergonomic}
   size_t InitialHeapSize                          = 266338304                                 {product} {ergonomic}
   size_t MarkStackSize                            = 4194304                                   {product} {ergonomic}
   size_t MaxHeapSize                              = 4255121408                                {product} {ergonomic}
   size_t MaxNewSize                               = 2552233984                                {product} {ergonomic}
   size_t MinHeapDeltaBytes                        = 1048576                                   {product} {ergonomic}
   size_t MinHeapSize                              = 8388608                                   {product} {ergonomic}
    uintx NonNMethodCodeHeapSize                   = 5836300                                {pd product} {ergonomic}
    uintx NonProfiledCodeHeapSize                  = 122910970                              {pd product} {ergonomic}
    uintx ProfiledCodeHeapSize                     = 122910970                              {pd product} {ergonomic}
    uintx ReservedCodeCacheSize                    = 251658240                              {pd product} {ergonomic}
     bool SegmentedCodeCache                       = true                                      {product} {ergonomic}
   size_t SoftMaxHeapSize                          = 4255121408                             {manageable} {ergonomic}
     bool UseCompressedClassPointers               = true                                 {lp64_product} {ergonomic}
     bool UseCompressedOops                        = true                                 {lp64_product} {ergonomic}
     bool UseG1GC                                  = true                                      {product} {ergonomic}
     bool UseLargePagesIndividualAllocation        = false                                  {pd product} {ergonomic}

Logging:
Log output configuration:
 #0: stdout all=warning uptime,level,tags
 #1: stderr all=off uptime,level,tags

Environment Variables:
JAVA_HOME=C:\Program Files\Java\jdk-23\bin
PATH=C:\Program Files\Microsoft MPI\Bin\;C:\Windows\system32;C:\Windows;C:\Windows\System32\Wbem;C:\Windows\System32\WindowsPowerShell\v1.0\;C:\Windows\System32\OpenSSH\;C:\Program Files (x86)\NVIDIA Corporation\PhysX\Common;C:\Program Files\NVIDIA Corporation\NVIDIA NvDLISR;C:\Program Files\Intel\WiFi\bin\;C:\Program Files\Common Files\Intel\WirelessCommon\;C:\Program Files\Java\jdk-23\bin;C:\Program Files\Microsoft SQL Server\130\Tools\Binn\;C:\Program Files\Microsoft SQL Server\Client SDK\ODBC\170\Tools\Binn\;C:\Program Files (x86)\GtkSharp\2.12\bin;C:\Program Files\Mono\bin;C:\Program Files\Git2\cmd;C:\Program Files\Microsoft SQL Server\Client SDK\ODBC\110\Tools\Binn\;C:\Program Files (x86)\Microsoft SQL Server\120\Tools\Binn\;C:\Program Files\Microsoft SQL Server\120\Tools\Binn\;C:\Program Files\Microsoft SQL Server\120\DTS\Binn\;C:\Program Files (x86)\Microsoft SQL Server\120\Tools\Binn\ManagementStudio\;C:\Program Files (x86)\Microsoft SQL Server\120\DTS\Binn\;C:\Program Files\dotnet\;C:\Program Files\Microchip\xc8\v2.31\bin;C:\Program Files (x86)\dotnet\;C:\WINDOWS\system32;C:\WINDOWS;C:\WINDOWS\System32\Wbem;C:\WINDOWS\System32\WindowsPowerShell\v1.0\;C:\WINDOWS\System32\OpenSSH\;C:\Program Files\Docker\Docker\resources\bin;C:\ProgramData\DockerDesktop\version-bin;C:\Program Files\MySQL\MySQL Server 8.0\bin;C:\Program Files\JetBrains\IntelliJ IDEA Community Edition 2020.3.2\plugins\maven\lib\maven3\bin;D:\Programs\MongoDB\Server\6.0\bin;D:\Programs\mongosh-1.9.1-win32-x64\mongosh-1.9.1-win32-x64\bin;C:\Program Files\nodejs\;C:\msys64\usr\bin;C:\msys64\mingw64\bin;D:\Programs\cmake\bin;C:\ProgramData\chocolatey\bin;C:\Program Files\MySQL\MySQL Shell 8.0\bin\;C:\Users\kabra\AppData\Local\Programs\Python\Python39\Scripts\;C:\Users\kabra\AppData\Local\Programs\Python\Python39\;C:\Users\kabra\AppData\Local\Microsoft\WindowsApps;C:\Users\kabra\.dotnet\tools;C:\Program Files\JetBrains\CLion 2020.3.3\bin;;C:\Users\kabra\AppData\Local\Microsoft\WindowsApps;C:\Program F
USERNAME=kabra
OS=Windows_NT
PROCESSOR_IDENTIFIER=Intel64 Family 6 Model 158 Stepping 10, GenuineIntel



---------------  S Y S T E M  ---------------

OS: Windows 10 , 64 bit Build 22621 (10.0.22621.3235)
HyperV virtualization detected

CPU:total 12 (initial active 12) (6 cores per cpu, 2 threads per core) family 6 model 158 stepping 10, cmov, cx8, fxsr, mmx, sse, sse2, sse3, ssse3, sse4.1, sse4.2, popcnt, avx, avx2, aes, clmul, erms, 3dnowpref, lzcnt, ht, tsc, tscinvbit, bmi1, bmi2, adx, fma

Memory: 4k page, system-wide physical 16229M (7541M free)
TotalPageFile size 20837M (AvailPageFile size 7404M)
current process WorkingSet (physical memory assigned to process): 146M, peak: 155M
current process commit charge ("private bytes"): 415M, peak: 424M

vm_info: Java HotSpot(TM) 64-Bit Server VM (13.0.1+9) for windows-amd64 JRE (13.0.1+9), built on Oct  6 2019 12:37:49 by "mach5one" with unknown MS VC++:1916

END.
